        -:    0:Source:D:/mingw64/lib/gcc/x86_64-w64-mingw32/8.1.0/include/c++/bits/stl_vector.h
        -:    0:Graph:D:\PROGRAM_CPP\LSM-2\cmake-build-debug-coverage\CMakeFiles\LSM_2persistence.cc.dir\kvstore.cc.gcno
        -:    0:Data:D:\PROGRAM_CPP\LSM-2\cmake-build-debug-coverage\CMakeFiles\LSM_2persistence.cc.dir\kvstore.cc.gcda
        -:    0:Runs:1
        -:    0:Programs:1
        -:    1:// Vector implementation -*- C++ -*-
        -:    2:
        -:    3:// Copyright (C) 2001-2018 Free Software Foundation, Inc.
        -:    4://
        -:    5:// This file is part of the GNU ISO C++ Library.  This library is free
        -:    6:// software; you can redistribute it and/or modify it under the
        -:    7:// terms of the GNU General Public License as published by the
        -:    8:// Free Software Foundation; either version 3, or (at your option)
        -:    9:// any later version.
        -:   10:
        -:   11:// This library is distributed in the hope that it will be useful,
        -:   12:// but WITHOUT ANY WARRANTY; without even the implied warranty of
        -:   13:// MERCHANTABILITY or FITNESS FOR A PARTICULAR PURPOSE.  See the
        -:   14:// GNU General Public License for more details.
        -:   15:
        -:   16:// Under Section 7 of GPL version 3, you are granted additional
        -:   17:// permissions described in the GCC Runtime Library Exception, version
        -:   18:// 3.1, as published by the Free Software Foundation.
        -:   19:
        -:   20:// You should have received a copy of the GNU General Public License and
        -:   21:// a copy of the GCC Runtime Library Exception along with this program;
        -:   22:// see the files COPYING3 and COPYING.RUNTIME respectively.  If not, see
        -:   23:// <http://www.gnu.org/licenses/>.
        -:   24:
        -:   25:/*
        -:   26: *
        -:   27: * Copyright (c) 1994
        -:   28: * Hewlett-Packard Company
        -:   29: *
        -:   30: * Permission to use, copy, modify, distribute and sell this software
        -:   31: * and its documentation for any purpose is hereby granted without fee,
        -:   32: * provided that the above copyright notice appear in all copies and
        -:   33: * that both that copyright notice and this permission notice appear
        -:   34: * in supporting documentation.  Hewlett-Packard Company makes no
        -:   35: * representations about the suitability of this software for any
        -:   36: * purpose.  It is provided "as is" without express or implied warranty.
        -:   37: *
        -:   38: *
        -:   39: * Copyright (c) 1996
        -:   40: * Silicon Graphics Computer Systems, Inc.
        -:   41: *
        -:   42: * Permission to use, copy, modify, distribute and sell this software
        -:   43: * and its documentation for any purpose is hereby granted without fee,
        -:   44: * provided that the above copyright notice appear in all copies and
        -:   45: * that both that copyright notice and this permission notice appear
        -:   46: * in supporting documentation.  Silicon Graphics makes no
        -:   47: * representations about the suitability of this  software for any
        -:   48: * purpose.  It is provided "as is" without express or implied warranty.
        -:   49: */
        -:   50:
        -:   51:/** @file bits/stl_vector.h
        -:   52: *  This is an internal header file, included by other library headers.
        -:   53: *  Do not attempt to use it directly. @headername{vector}
        -:   54: */
        -:   55:
        -:   56:#ifndef _STL_VECTOR_H
        -:   57:#define _STL_VECTOR_H 1
        -:   58:
        -:   59:#include <bits/stl_iterator_base_funcs.h>
        -:   60:#include <bits/functexcept.h>
        -:   61:#include <bits/concept_check.h>
        -:   62:#if __cplusplus >= 201103L
        -:   63:#include <initializer_list>
        -:   64:#endif
        -:   65:
        -:   66:#include <debug/assertions.h>
        -:   67:
        -:   68:#if _GLIBCXX_SANITIZE_STD_ALLOCATOR && _GLIBCXX_SANITIZE_VECTOR
        -:   69:extern "C" void
        -:   70:__sanitizer_annotate_contiguous_container(const void*, const void*,
        -:   71:					  const void*, const void*);
        -:   72:#endif
        -:   73:
        -:   74:namespace std _GLIBCXX_VISIBILITY(default)
        -:   75:{
        -:   76:_GLIBCXX_BEGIN_NAMESPACE_VERSION
        -:   77:_GLIBCXX_BEGIN_NAMESPACE_CONTAINER
        -:   78:
        -:   79:  /// See bits/stl_deque.h's _Deque_base for an explanation.
        -:   80:  template<typename _Tp, typename _Alloc>
        -:   81:    struct _Vector_base
        -:   82:    {
        -:   83:      typedef typename __gnu_cxx::__alloc_traits<_Alloc>::template
        -:   84:	rebind<_Tp>::other _Tp_alloc_type;
        -:   85:      typedef typename __gnu_cxx::__alloc_traits<_Tp_alloc_type>::pointer
        -:   86:       	pointer;
        -:   87:
        -:   88:      struct _Vector_impl
        -:   89:      : public _Tp_alloc_type
        -:   90:      {
        -:   91:	pointer _M_start;
        -:   92:	pointer _M_finish;
        -:   93:	pointer _M_end_of_storage;
        -:   94:
    2115*:   95:	_Vector_impl()
    2115*:   96:	: _Tp_alloc_type(), _M_start(), _M_finish(), _M_end_of_storage()
    2115*:   97:	{ }
------------------
_ZNSt12_Vector_baseIN7KVStore4nodeESaIS1_EE12_Vector_implC1Ev:
function _ZNSt12_Vector_baseIN7KVStore4nodeESaIS1_EE12_Vector_implC1Ev called 616 returned 100% blocks executed 100%
      616:   95:	_Vector_impl()
      616:   96:	: _Tp_alloc_type(), _M_start(), _M_finish(), _M_end_of_storage()
      616:   96-block  0
call    0 returned 616
      616:   97:	{ }
------------------
_ZNSt12_Vector_baseISt6vectorIN7KVStore4nodeESaIS2_EESaIS4_EE12_Vector_implC1Ev:
function _ZNSt12_Vector_baseISt6vectorIN7KVStore4nodeESaIS2_EESaIS4_EE12_Vector_implC1Ev called 231 returned 100% blocks executed 100%
      231:   95:	_Vector_impl()
      231:   96:	: _Tp_alloc_type(), _M_start(), _M_finish(), _M_end_of_storage()
      231:   96-block  0
call    0 returned 231
      231:   97:	{ }
------------------
_ZNSt12_Vector_baseIPN5Cache4NodeESaIS2_EE12_Vector_implC1Ev:
function _ZNSt12_Vector_baseIPN5Cache4NodeESaIS2_EE12_Vector_implC1Ev called 0 returned 0% blocks executed 0%
    #####:   95:	_Vector_impl()
    #####:   96:	: _Tp_alloc_type(), _M_start(), _M_finish(), _M_end_of_storage()
    %%%%%:   96-block  0
call    0 never executed
    #####:   97:	{ }
------------------
_ZNSt12_Vector_baseIiSaIiEE12_Vector_implC1Ev:
function _ZNSt12_Vector_baseIiSaIiEE12_Vector_implC1Ev called 40 returned 100% blocks executed 100%
       40:   95:	_Vector_impl()
       40:   96:	: _Tp_alloc_type(), _M_start(), _M_finish(), _M_end_of_storage()
       40:   96-block  0
call    0 returned 40
       40:   97:	{ }
------------------
_ZNSt12_Vector_baseIN8memTable8dataNodeESaIS1_EE12_Vector_implC1Ev:
function _ZNSt12_Vector_baseIN8memTable8dataNodeESaIS1_EE12_Vector_implC1Ev called 471 returned 100% blocks executed 100%
      471:   95:	_Vector_impl()
      471:   96:	: _Tp_alloc_type(), _M_start(), _M_finish(), _M_end_of_storage()
      471:   96-block  0
call    0 returned 471
      471:   97:	{ }
------------------
_ZNSt12_Vector_baseINSt7__cxx1112basic_stringIcSt11char_traitsIcESaIcEEESaIS5_EE12_Vector_implC1Ev:
function _ZNSt12_Vector_baseINSt7__cxx1112basic_stringIcSt11char_traitsIcESaIcEEESaIS5_EE12_Vector_implC1Ev called 757 returned 100% blocks executed 100%
      757:   95:	_Vector_impl()
      757:   96:	: _Tp_alloc_type(), _M_start(), _M_finish(), _M_end_of_storage()
      757:   96-block  0
call    0 returned 757
      757:   97:	{ }
------------------
        -:   98:
      610:   99:	_Vector_impl(_Tp_alloc_type const& __a) _GLIBCXX_NOEXCEPT
      610:  100:	: _Tp_alloc_type(__a), _M_start(), _M_finish(), _M_end_of_storage()
      610:  101:	{ }
------------------
_ZNSt12_Vector_baseIPN5Cache4NodeESaIS2_EE12_Vector_implC1ERKS3_:
function _ZNSt12_Vector_baseIPN5Cache4NodeESaIS2_EE12_Vector_implC1ERKS3_ called 40 returned 100% blocks executed 100%
       40:   99:	_Vector_impl(_Tp_alloc_type const& __a) _GLIBCXX_NOEXCEPT
       40:  100:	: _Tp_alloc_type(__a), _M_start(), _M_finish(), _M_end_of_storage()
       40:  100-block  0
call    0 returned 40
       40:  101:	{ }
------------------
_ZNSt12_Vector_baseIN7KVStore4nodeESaIS1_EE12_Vector_implC1ERKS2_:
function _ZNSt12_Vector_baseIN7KVStore4nodeESaIS1_EE12_Vector_implC1ERKS2_ called 570 returned 100% blocks executed 100%
      570:   99:	_Vector_impl(_Tp_alloc_type const& __a) _GLIBCXX_NOEXCEPT
      570:  100:	: _Tp_alloc_type(__a), _M_start(), _M_finish(), _M_end_of_storage()
      570:  100-block  0
call    0 returned 570
      570:  101:	{ }
------------------
        -:  102:
        -:  103:#if __cplusplus >= 201103L
function _ZNSt12_Vector_baseIN7KVStore4nodeESaIS1_EE12_Vector_implC1EOS2_ called 150 returned 100% blocks executed 100%
      150:  104:	_Vector_impl(_Tp_alloc_type&& __a) noexcept
      150:  105:	: _Tp_alloc_type(std::move(__a)),
      150:  105-block  0
call    0 returned 150
      150:  106:	  _M_start(), _M_finish(), _M_end_of_storage()
call    0 returned 150
      150:  107:	{ }
        -:  108:#endif
        -:  109:
    1206*:  110:	void _M_swap_data(_Vector_impl& __x) _GLIBCXX_NOEXCEPT
        -:  111:	{
    1206*:  112:	  std::swap(_M_start, __x._M_start);
    1206*:  113:	  std::swap(_M_finish, __x._M_finish);
    1206*:  114:	  std::swap(_M_end_of_storage, __x._M_end_of_storage);
    1206*:  115:	}
------------------
_ZNSt12_Vector_baseIPN5Cache4NodeESaIS2_EE12_Vector_impl12_M_swap_dataERS5_:
function _ZNSt12_Vector_baseIPN5Cache4NodeESaIS2_EE12_Vector_impl12_M_swap_dataERS5_ called 0 returned 0% blocks executed 0%
    #####:  110:	void _M_swap_data(_Vector_impl& __x) _GLIBCXX_NOEXCEPT
        -:  111:	{
    #####:  112:	  std::swap(_M_start, __x._M_start);
    %%%%%:  112-block  0
call    0 never executed
    #####:  113:	  std::swap(_M_finish, __x._M_finish);
call    0 never executed
    #####:  114:	  std::swap(_M_end_of_storage, __x._M_end_of_storage);
call    0 never executed
    #####:  115:	}
------------------
_ZNSt12_Vector_baseISt6vectorIN7KVStore4nodeESaIS2_EESaIS4_EE12_Vector_impl12_M_swap_dataERS7_:
function _ZNSt12_Vector_baseISt6vectorIN7KVStore4nodeESaIS2_EESaIS4_EE12_Vector_impl12_M_swap_dataERS7_ called 115 returned 100% blocks executed 100%
      115:  110:	void _M_swap_data(_Vector_impl& __x) _GLIBCXX_NOEXCEPT
        -:  111:	{
      115:  112:	  std::swap(_M_start, __x._M_start);
      115:  112-block  0
call    0 returned 115
      115:  113:	  std::swap(_M_finish, __x._M_finish);
call    0 returned 115
      115:  114:	  std::swap(_M_end_of_storage, __x._M_end_of_storage);
call    0 returned 115
      115:  115:	}
------------------
_ZNSt12_Vector_baseIN7KVStore4nodeESaIS1_EE12_Vector_impl12_M_swap_dataERS4_:
function _ZNSt12_Vector_baseIN7KVStore4nodeESaIS1_EE12_Vector_impl12_M_swap_dataERS4_ called 380 returned 100% blocks executed 100%
      380:  110:	void _M_swap_data(_Vector_impl& __x) _GLIBCXX_NOEXCEPT
        -:  111:	{
      380:  112:	  std::swap(_M_start, __x._M_start);
      380:  112-block  0
call    0 returned 380
      380:  113:	  std::swap(_M_finish, __x._M_finish);
call    0 returned 380
      380:  114:	  std::swap(_M_end_of_storage, __x._M_end_of_storage);
call    0 returned 380
      380:  115:	}
------------------
_ZNSt12_Vector_baseIN8memTable8dataNodeESaIS1_EE12_Vector_impl12_M_swap_dataERS4_:
function _ZNSt12_Vector_baseIN8memTable8dataNodeESaIS1_EE12_Vector_impl12_M_swap_dataERS4_ called 314 returned 100% blocks executed 100%
      314:  110:	void _M_swap_data(_Vector_impl& __x) _GLIBCXX_NOEXCEPT
        -:  111:	{
      314:  112:	  std::swap(_M_start, __x._M_start);
      314:  112-block  0
call    0 returned 314
      314:  113:	  std::swap(_M_finish, __x._M_finish);
call    0 returned 314
      314:  114:	  std::swap(_M_end_of_storage, __x._M_end_of_storage);
call    0 returned 314
      314:  115:	}
------------------
_ZNSt12_Vector_baseINSt7__cxx1112basic_stringIcSt11char_traitsIcESaIcEEESaIS5_EE12_Vector_impl12_M_swap_dataERS8_:
function _ZNSt12_Vector_baseINSt7__cxx1112basic_stringIcSt11char_traitsIcESaIcEEESaIS5_EE12_Vector_impl12_M_swap_dataERS8_ called 397 returned 100% blocks executed 100%
      397:  110:	void _M_swap_data(_Vector_impl& __x) _GLIBCXX_NOEXCEPT
        -:  111:	{
      397:  112:	  std::swap(_M_start, __x._M_start);
      397:  112-block  0
call    0 returned 397
      397:  113:	  std::swap(_M_finish, __x._M_finish);
call    0 returned 397
      397:  114:	  std::swap(_M_end_of_storage, __x._M_end_of_storage);
call    0 returned 397
      397:  115:	}
------------------
        -:  116:
        -:  117:#if _GLIBCXX_SANITIZE_STD_ALLOCATOR && _GLIBCXX_SANITIZE_VECTOR
        -:  118:	template<typename = _Tp_alloc_type>
        -:  119:	  struct _Asan
        -:  120:	  {
        -:  121:	    typedef typename __gnu_cxx::__alloc_traits<_Tp_alloc_type>
        -:  122:	      ::size_type size_type;
        -:  123:
        -:  124:	    static void _S_shrink(_Vector_impl&, size_type) { }
        -:  125:	    static void _S_on_dealloc(_Vector_impl&) { }
        -:  126:
        -:  127:	    typedef _Vector_impl& _Reinit;
        -:  128:
        -:  129:	    struct _Grow
        -:  130:	    {
        -:  131:	      _Grow(_Vector_impl&, size_type) { }
        -:  132:	      void _M_grew(size_type) { }
        -:  133:	    };
        -:  134:	  };
        -:  135:
        -:  136:	// Enable ASan annotations for memory obtained from std::allocator.
        -:  137:	template<typename _Up>
        -:  138:	  struct _Asan<allocator<_Up> >
        -:  139:	  {
        -:  140:	    typedef typename __gnu_cxx::__alloc_traits<_Tp_alloc_type>
        -:  141:	      ::size_type size_type;
        -:  142:
        -:  143:	    // Adjust ASan annotation for [_M_start, _M_end_of_storage) to
        -:  144:	    // mark end of valid region as __curr instead of __prev.
        -:  145:	    static void
        -:  146:	    _S_adjust(_Vector_impl& __impl, pointer __prev, pointer __curr)
        -:  147:	    {
        -:  148:	      __sanitizer_annotate_contiguous_container(__impl._M_start,
        -:  149:		  __impl._M_end_of_storage, __prev, __curr);
        -:  150:	    }
        -:  151:
        -:  152:	    static void
        -:  153:	    _S_grow(_Vector_impl& __impl, size_type __n)
        -:  154:	    { _S_adjust(__impl, __impl._M_finish, __impl._M_finish + __n); }
        -:  155:
        -:  156:	    static void
        -:  157:	    _S_shrink(_Vector_impl& __impl, size_type __n)
        -:  158:	    { _S_adjust(__impl, __impl._M_finish + __n, __impl._M_finish); }
        -:  159:
        -:  160:	    static void
        -:  161:	    _S_on_dealloc(_Vector_impl& __impl)
        -:  162:	    {
        -:  163:	      if (__impl._M_start)
        -:  164:		_S_adjust(__impl, __impl._M_finish, __impl._M_end_of_storage);
        -:  165:	    }
        -:  166:
        -:  167:	    // Used on reallocation to tell ASan unused capacity is invalid.
        -:  168:	    struct _Reinit
        -:  169:	    {
        -:  170:	      explicit _Reinit(_Vector_impl& __impl) : _M_impl(__impl)
        -:  171:	      {
        -:  172:		// Mark unused capacity as valid again before deallocating it.
        -:  173:		_S_on_dealloc(_M_impl);
        -:  174:	      }
        -:  175:
        -:  176:	      ~_Reinit()
        -:  177:	      {
        -:  178:		// Mark unused capacity as invalid after reallocation.
        -:  179:		if (_M_impl._M_start)
        -:  180:		  _S_adjust(_M_impl, _M_impl._M_end_of_storage,
        -:  181:			    _M_impl._M_finish);
        -:  182:	      }
        -:  183:
        -:  184:	      _Vector_impl& _M_impl;
        -:  185:
        -:  186:#if __cplusplus >= 201103L
        -:  187:	      _Reinit(const _Reinit&) = delete;
        -:  188:	      _Reinit& operator=(const _Reinit&) = delete;
        -:  189:#endif
        -:  190:	    };
        -:  191:
        -:  192:	    // Tell ASan when unused capacity is initialized to be valid.
        -:  193:	    struct _Grow
        -:  194:	    {
        -:  195:	      _Grow(_Vector_impl& __impl, size_type __n)
        -:  196:	      : _M_impl(__impl), _M_n(__n)
        -:  197:	      { _S_grow(_M_impl, __n); }
        -:  198:
        -:  199:	      ~_Grow() { if (_M_n) _S_shrink(_M_impl, _M_n); }
        -:  200:
        -:  201:	      void _M_grew(size_type __n) { _M_n -= __n; }
        -:  202:
        -:  203:#if __cplusplus >= 201103L
        -:  204:	      _Grow(const _Grow&) = delete;
        -:  205:	      _Grow& operator=(const _Grow&) = delete;
        -:  206:#endif
        -:  207:	    private:
        -:  208:	      _Vector_impl& _M_impl;
        -:  209:	      size_type _M_n;
        -:  210:	    };
        -:  211:	  };
        -:  212:
        -:  213:#define _GLIBCXX_ASAN_ANNOTATE_REINIT \
        -:  214:  typename _Base::_Vector_impl::template _Asan<>::_Reinit const \
        -:  215:	__attribute__((__unused__)) __reinit_guard(this->_M_impl)
        -:  216:#define _GLIBCXX_ASAN_ANNOTATE_GROW(n) \
        -:  217:  typename _Base::_Vector_impl::template _Asan<>::_Grow \
        -:  218:	__attribute__((__unused__)) __grow_guard(this->_M_impl, (n))
        -:  219:#define _GLIBCXX_ASAN_ANNOTATE_GREW(n) __grow_guard._M_grew(n)
        -:  220:#define _GLIBCXX_ASAN_ANNOTATE_SHRINK(n) \
        -:  221:  _Base::_Vector_impl::template _Asan<>::_S_shrink(this->_M_impl, n)
        -:  222:#define _GLIBCXX_ASAN_ANNOTATE_BEFORE_DEALLOC \
        -:  223:  _Base::_Vector_impl::template _Asan<>::_S_on_dealloc(this->_M_impl)
        -:  224:#else // ! (_GLIBCXX_SANITIZE_STD_ALLOCATOR && _GLIBCXX_SANITIZE_VECTOR)
        -:  225:#define _GLIBCXX_ASAN_ANNOTATE_REINIT
        -:  226:#define _GLIBCXX_ASAN_ANNOTATE_GROW(n)
        -:  227:#define _GLIBCXX_ASAN_ANNOTATE_GREW(n)
        -:  228:#define _GLIBCXX_ASAN_ANNOTATE_SHRINK(n)
        -:  229:#define _GLIBCXX_ASAN_ANNOTATE_BEFORE_DEALLOC
        -:  230:#endif // _GLIBCXX_SANITIZE_STD_ALLOCATOR && _GLIBCXX_SANITIZE_VECTOR
        -:  231:      };
        -:  232:
        -:  233:    public:
        -:  234:      typedef _Alloc allocator_type;
        -:  235:
        -:  236:      _Tp_alloc_type&
   21584*:  237:      _M_get_Tp_allocator() _GLIBCXX_NOEXCEPT
   21584*:  238:      { return *static_cast<_Tp_alloc_type*>(&this->_M_impl); }
------------------
_ZNSt12_Vector_baseIN7KVStore4nodeESaIS1_EE19_M_get_Tp_allocatorEv:
function _ZNSt12_Vector_baseIN7KVStore4nodeESaIS1_EE19_M_get_Tp_allocatorEv called 9131 returned 100% blocks executed 100%
     9131:  237:      _M_get_Tp_allocator() _GLIBCXX_NOEXCEPT
     9131:  238:      { return *static_cast<_Tp_alloc_type*>(&this->_M_impl); }
     9131:  238-block  0
------------------
_ZNSt12_Vector_baseISt6vectorIN7KVStore4nodeESaIS2_EESaIS4_EE19_M_get_Tp_allocatorEv:
function _ZNSt12_Vector_baseISt6vectorIN7KVStore4nodeESaIS2_EESaIS4_EE19_M_get_Tp_allocatorEv called 1222 returned 100% blocks executed 100%
     1222:  237:      _M_get_Tp_allocator() _GLIBCXX_NOEXCEPT
     1222:  238:      { return *static_cast<_Tp_alloc_type*>(&this->_M_impl); }
     1222:  238-block  0
------------------
_ZNSt12_Vector_baseIPN5Cache4NodeESaIS2_EE19_M_get_Tp_allocatorEv:
function _ZNSt12_Vector_baseIPN5Cache4NodeESaIS2_EE19_M_get_Tp_allocatorEv called 0 returned 0% blocks executed 0%
    #####:  237:      _M_get_Tp_allocator() _GLIBCXX_NOEXCEPT
    #####:  238:      { return *static_cast<_Tp_alloc_type*>(&this->_M_impl); }
    %%%%%:  238-block  0
------------------
_ZNSt12_Vector_baseIiSaIiEE19_M_get_Tp_allocatorEv:
function _ZNSt12_Vector_baseIiSaIiEE19_M_get_Tp_allocatorEv called 527 returned 100% blocks executed 100%
      527:  237:      _M_get_Tp_allocator() _GLIBCXX_NOEXCEPT
      527:  238:      { return *static_cast<_Tp_alloc_type*>(&this->_M_impl); }
      527:  238-block  0
------------------
_ZNSt12_Vector_baseIN8memTable8dataNodeESaIS1_EE19_M_get_Tp_allocatorEv:
function _ZNSt12_Vector_baseIN8memTable8dataNodeESaIS1_EE19_M_get_Tp_allocatorEv called 5794 returned 100% blocks executed 100%
     5794:  237:      _M_get_Tp_allocator() _GLIBCXX_NOEXCEPT
     5794:  238:      { return *static_cast<_Tp_alloc_type*>(&this->_M_impl); }
     5794:  238-block  0
------------------
_ZNSt12_Vector_baseINSt7__cxx1112basic_stringIcSt11char_traitsIcESaIcEEESaIS5_EE19_M_get_Tp_allocatorEv:
function _ZNSt12_Vector_baseINSt7__cxx1112basic_stringIcSt11char_traitsIcESaIcEEESaIS5_EE19_M_get_Tp_allocatorEv called 4910 returned 100% blocks executed 100%
     4910:  237:      _M_get_Tp_allocator() _GLIBCXX_NOEXCEPT
     4910:  238:      { return *static_cast<_Tp_alloc_type*>(&this->_M_impl); }
     4910:  238-block  0
------------------
        -:  239:
        -:  240:      const _Tp_alloc_type&
   10870*:  241:      _M_get_Tp_allocator() const _GLIBCXX_NOEXCEPT
   10870*:  242:      { return *static_cast<const _Tp_alloc_type*>(&this->_M_impl); }
------------------
_ZNKSt12_Vector_baseIN8memTable8dataNodeESaIS1_EE19_M_get_Tp_allocatorEv:
function _ZNKSt12_Vector_baseIN8memTable8dataNodeESaIS1_EE19_M_get_Tp_allocatorEv called 3026 returned 100% blocks executed 100%
     3026:  241:      _M_get_Tp_allocator() const _GLIBCXX_NOEXCEPT
     3026:  242:      { return *static_cast<const _Tp_alloc_type*>(&this->_M_impl); }
     3026:  242-block  0
------------------
_ZNKSt12_Vector_baseINSt7__cxx1112basic_stringIcSt11char_traitsIcESaIcEEESaIS5_EE19_M_get_Tp_allocatorEv:
function _ZNKSt12_Vector_baseINSt7__cxx1112basic_stringIcSt11char_traitsIcESaIcEEESaIS5_EE19_M_get_Tp_allocatorEv called 2242 returned 100% blocks executed 100%
     2242:  241:      _M_get_Tp_allocator() const _GLIBCXX_NOEXCEPT
     2242:  242:      { return *static_cast<const _Tp_alloc_type*>(&this->_M_impl); }
     2242:  242-block  0
------------------
_ZNKSt12_Vector_baseIiSaIiEE19_M_get_Tp_allocatorEv:
function _ZNKSt12_Vector_baseIiSaIiEE19_M_get_Tp_allocatorEv called 326 returned 100% blocks executed 100%
      326:  241:      _M_get_Tp_allocator() const _GLIBCXX_NOEXCEPT
      326:  242:      { return *static_cast<const _Tp_alloc_type*>(&this->_M_impl); }
      326:  242-block  0
------------------
_ZNKSt12_Vector_baseIPN5Cache4NodeESaIS2_EE19_M_get_Tp_allocatorEv:
function _ZNKSt12_Vector_baseIPN5Cache4NodeESaIS2_EE19_M_get_Tp_allocatorEv called 0 returned 0% blocks executed 0%
    #####:  241:      _M_get_Tp_allocator() const _GLIBCXX_NOEXCEPT
    #####:  242:      { return *static_cast<const _Tp_alloc_type*>(&this->_M_impl); }
    %%%%%:  242-block  0
------------------
_ZNKSt12_Vector_baseISt6vectorIN7KVStore4nodeESaIS2_EESaIS4_EE19_M_get_Tp_allocatorEv:
function _ZNKSt12_Vector_baseISt6vectorIN7KVStore4nodeESaIS2_EESaIS4_EE19_M_get_Tp_allocatorEv called 458 returned 100% blocks executed 100%
      458:  241:      _M_get_Tp_allocator() const _GLIBCXX_NOEXCEPT
      458:  242:      { return *static_cast<const _Tp_alloc_type*>(&this->_M_impl); }
      458:  242-block  0
------------------
_ZNKSt12_Vector_baseIN7KVStore4nodeESaIS1_EE19_M_get_Tp_allocatorEv:
function _ZNKSt12_Vector_baseIN7KVStore4nodeESaIS1_EE19_M_get_Tp_allocatorEv called 4818 returned 100% blocks executed 100%
     4818:  241:      _M_get_Tp_allocator() const _GLIBCXX_NOEXCEPT
     4818:  242:      { return *static_cast<const _Tp_alloc_type*>(&this->_M_impl); }
     4818:  242-block  0
------------------
        -:  243:
        -:  244:      allocator_type
function _ZNKSt12_Vector_baseIPN5Cache4NodeESaIS2_EE13get_allocatorEv called 40 returned 100% blocks executed 100%
       40:  245:      get_allocator() const _GLIBCXX_NOEXCEPT
       40:  246:      { return allocator_type(_M_get_Tp_allocator()); }
       40:  246-block  0
call    0 returned 40
call    1 returned 40
        -:  247:
    2115*:  248:      _Vector_base()
    2115*:  249:      : _M_impl() { }
------------------
_ZNSt12_Vector_baseIN7KVStore4nodeESaIS1_EEC2Ev:
function _ZNSt12_Vector_baseIN7KVStore4nodeESaIS1_EEC2Ev called 616 returned 100% blocks executed 100%
      616:  248:      _Vector_base()
      616:  249:      : _M_impl() { }
      616:  249-block  0
call    0 returned 616
------------------
_ZNSt12_Vector_baseISt6vectorIN7KVStore4nodeESaIS2_EESaIS4_EEC2Ev:
function _ZNSt12_Vector_baseISt6vectorIN7KVStore4nodeESaIS2_EESaIS4_EEC2Ev called 231 returned 100% blocks executed 100%
      231:  248:      _Vector_base()
      231:  249:      : _M_impl() { }
      231:  249-block  0
call    0 returned 231
------------------
_ZNSt12_Vector_baseIPN5Cache4NodeESaIS2_EEC2Ev:
function _ZNSt12_Vector_baseIPN5Cache4NodeESaIS2_EEC2Ev called 0 returned 0% blocks executed 0%
    #####:  248:      _Vector_base()
    #####:  249:      : _M_impl() { }
    %%%%%:  249-block  0
call    0 never executed
------------------
_ZNSt12_Vector_baseIiSaIiEEC2Ev:
function _ZNSt12_Vector_baseIiSaIiEEC2Ev called 40 returned 100% blocks executed 100%
       40:  248:      _Vector_base()
       40:  249:      : _M_impl() { }
       40:  249-block  0
call    0 returned 40
------------------
_ZNSt12_Vector_baseIN8memTable8dataNodeESaIS1_EEC2Ev:
function _ZNSt12_Vector_baseIN8memTable8dataNodeESaIS1_EEC2Ev called 471 returned 100% blocks executed 100%
      471:  248:      _Vector_base()
      471:  249:      : _M_impl() { }
      471:  249-block  0
call    0 returned 471
------------------
_ZNSt12_Vector_baseINSt7__cxx1112basic_stringIcSt11char_traitsIcESaIcEEESaIS5_EEC2Ev:
function _ZNSt12_Vector_baseINSt7__cxx1112basic_stringIcSt11char_traitsIcESaIcEEESaIS5_EEC2Ev called 757 returned 100% blocks executed 100%
      757:  248:      _Vector_base()
      757:  249:      : _M_impl() { }
      757:  249-block  0
call    0 returned 757
------------------
        -:  250:
function _ZNSt12_Vector_baseIPN5Cache4NodeESaIS2_EEC2ERKS3_ called 40 returned 100% blocks executed 100%
       40:  251:      _Vector_base(const allocator_type& __a) _GLIBCXX_NOEXCEPT
       40:  252:      : _M_impl(__a) { }
       40:  252-block  0
call    0 returned 40
        -:  253:
        -:  254:      _Vector_base(size_t __n)
        -:  255:      : _M_impl()
        -:  256:      { _M_create_storage(__n); }
        -:  257:
function _ZNSt12_Vector_baseIN7KVStore4nodeESaIS1_EEC2EyRKS2_ called 570 returned 100% blocks executed 80%
      570:  258:      _Vector_base(size_t __n, const allocator_type& __a)
      570:  259:      : _M_impl(__a)
      570:  259-block  0
call    0 returned 570
    $$$$$:  259-block  1
call    1 never executed
      570:  260:      { _M_create_storage(__n); }
call    0 returned 570
branch  1 taken 570 (fallthrough)
branch  2 taken 0 (throw)
      570:  260-block  0
        -:  261:
        -:  262:#if __cplusplus >= 201103L
        -:  263:      _Vector_base(_Tp_alloc_type&& __a) noexcept
        -:  264:      : _M_impl(std::move(__a)) { }
        -:  265:
function _ZNSt12_Vector_baseIN7KVStore4nodeESaIS1_EEC2EOS3_ called 150 returned 100% blocks executed 100%
      150:  266:      _Vector_base(_Vector_base&& __x) noexcept
      150:  267:      : _M_impl(std::move(__x._M_get_Tp_allocator()))
      150:  267-block  0
call    0 returned 150
call    1 returned 150
call    2 returned 150
      150:  268:      { this->_M_impl._M_swap_data(__x._M_impl); }
call    0 returned 150
        -:  269:
        -:  270:      _Vector_base(_Vector_base&& __x, const allocator_type& __a)
        -:  271:      : _M_impl(__a)
        -:  272:      {
        -:  273:	if (__x.get_allocator() == __a)
        -:  274:	  this->_M_impl._M_swap_data(__x._M_impl);
        -:  275:	else
        -:  276:	  {
        -:  277:	    size_t __n = __x._M_impl._M_finish - __x._M_impl._M_start;
        -:  278:	    _M_create_storage(__n);
        -:  279:	  }
        -:  280:      }
        -:  281:#endif
        -:  282:
    2821*:  283:      ~_Vector_base() _GLIBCXX_NOEXCEPT
        -:  284:      {
    2821*:  285:	_M_deallocate(_M_impl._M_start,
    2821*:  286:		      _M_impl._M_end_of_storage - _M_impl._M_start);
    2821*:  287:      }
------------------
_ZNSt12_Vector_baseIN7KVStore4nodeESaIS1_EED2Ev:
function _ZNSt12_Vector_baseIN7KVStore4nodeESaIS1_EED2Ev called 1331 returned 100% blocks executed 100%
     1331:  283:      ~_Vector_base() _GLIBCXX_NOEXCEPT
        -:  284:      {
     1331:  285:	_M_deallocate(_M_impl._M_start,
     1331:  286:		      _M_impl._M_end_of_storage - _M_impl._M_start);
     1331:  286-block  0
call    0 returned 1331
     1331:  287:      }
call    0 returned 1331
------------------
_ZNSt12_Vector_baseISt6vectorIN7KVStore4nodeESaIS2_EESaIS4_EED2Ev:
function _ZNSt12_Vector_baseISt6vectorIN7KVStore4nodeESaIS2_EESaIS4_EED2Ev called 229 returned 100% blocks executed 100%
      229:  283:      ~_Vector_base() _GLIBCXX_NOEXCEPT
        -:  284:      {
      229:  285:	_M_deallocate(_M_impl._M_start,
      229:  286:		      _M_impl._M_end_of_storage - _M_impl._M_start);
      229:  286-block  0
call    0 returned 229
      229:  287:      }
call    0 returned 229
------------------
_ZNSt12_Vector_baseIPN5Cache4NodeESaIS2_EED2Ev:
function _ZNSt12_Vector_baseIPN5Cache4NodeESaIS2_EED2Ev called 0 returned 0% blocks executed 0%
    #####:  283:      ~_Vector_base() _GLIBCXX_NOEXCEPT
        -:  284:      {
    #####:  285:	_M_deallocate(_M_impl._M_start,
    #####:  286:		      _M_impl._M_end_of_storage - _M_impl._M_start);
    %%%%%:  286-block  0
call    0 never executed
    #####:  287:      }
call    0 never executed
------------------
_ZNSt12_Vector_baseIiSaIiEED2Ev:
function _ZNSt12_Vector_baseIiSaIiEED2Ev called 38 returned 100% blocks executed 100%
       38:  283:      ~_Vector_base() _GLIBCXX_NOEXCEPT
        -:  284:      {
       38:  285:	_M_deallocate(_M_impl._M_start,
       38:  286:		      _M_impl._M_end_of_storage - _M_impl._M_start);
       38:  286-block  0
call    0 returned 38
       38:  287:      }
call    0 returned 38
------------------
_ZNSt12_Vector_baseIN8memTable8dataNodeESaIS1_EED2Ev:
function _ZNSt12_Vector_baseIN8memTable8dataNodeESaIS1_EED2Ev called 470 returned 100% blocks executed 100%
      470:  283:      ~_Vector_base() _GLIBCXX_NOEXCEPT
        -:  284:      {
      470:  285:	_M_deallocate(_M_impl._M_start,
      470:  286:		      _M_impl._M_end_of_storage - _M_impl._M_start);
      470:  286-block  0
call    0 returned 470
      470:  287:      }
call    0 returned 470
------------------
_ZNSt12_Vector_baseINSt7__cxx1112basic_stringIcSt11char_traitsIcESaIcEEESaIS5_EED2Ev:
function _ZNSt12_Vector_baseINSt7__cxx1112basic_stringIcSt11char_traitsIcESaIcEEESaIS5_EED2Ev called 753 returned 100% blocks executed 100%
      753:  283:      ~_Vector_base() _GLIBCXX_NOEXCEPT
        -:  284:      {
      753:  285:	_M_deallocate(_M_impl._M_start,
      753:  286:		      _M_impl._M_end_of_storage - _M_impl._M_start);
      753:  286-block  0
call    0 returned 753
      753:  287:      }
call    0 returned 753
------------------
        -:  288:
        -:  289:    public:
        -:  290:      _Vector_impl _M_impl;
        -:  291:
        -:  292:      pointer
    5720*:  293:      _M_allocate(size_t __n)
        -:  294:      {
        -:  295:	typedef __gnu_cxx::__alloc_traits<_Tp_alloc_type> _Tr;
    5720*:  296:	return __n != 0 ? _Tr::allocate(_M_impl, __n) : pointer();
        -:  297:      }
------------------
_ZNSt12_Vector_baseIN8memTable8dataNodeESaIS1_EE11_M_allocateEy:
function _ZNSt12_Vector_baseIN8memTable8dataNodeESaIS1_EE11_M_allocateEy called 1513 returned 100% blocks executed 83%
     1513:  293:      _M_allocate(size_t __n)
        -:  294:      {
        -:  295:	typedef __gnu_cxx::__alloc_traits<_Tp_alloc_type> _Tr;
    1513*:  296:	return __n != 0 ? _Tr::allocate(_M_impl, __n) : pointer();
     1513:  296-block  0
branch  0 taken 1513 (fallthrough)
branch  1 taken 0
     1513:  296-block  1
call    2 returned 1513
    %%%%%:  296-block  2
     1513:  296-block  3
        -:  297:      }
------------------
_ZNSt12_Vector_baseISt6vectorIN7KVStore4nodeESaIS2_EESaIS4_EE11_M_allocateEy:
function _ZNSt12_Vector_baseISt6vectorIN7KVStore4nodeESaIS2_EESaIS4_EE11_M_allocateEy called 229 returned 100% blocks executed 83%
      229:  293:      _M_allocate(size_t __n)
        -:  294:      {
        -:  295:	typedef __gnu_cxx::__alloc_traits<_Tp_alloc_type> _Tr;
     229*:  296:	return __n != 0 ? _Tr::allocate(_M_impl, __n) : pointer();
      229:  296-block  0
branch  0 taken 229 (fallthrough)
branch  1 taken 0
      229:  296-block  1
call    2 returned 229
    %%%%%:  296-block  2
      229:  296-block  3
        -:  297:      }
------------------
_ZNSt12_Vector_baseIN7KVStore4nodeESaIS1_EE11_M_allocateEy:
function _ZNSt12_Vector_baseIN7KVStore4nodeESaIS1_EE11_M_allocateEy called 2694 returned 100% blocks executed 83%
     2694:  293:      _M_allocate(size_t __n)
        -:  294:      {
        -:  295:	typedef __gnu_cxx::__alloc_traits<_Tp_alloc_type> _Tr;
    2694*:  296:	return __n != 0 ? _Tr::allocate(_M_impl, __n) : pointer();
     2694:  296-block  0
branch  0 taken 2694 (fallthrough)
branch  1 taken 0
     2694:  296-block  1
call    2 returned 2694
    %%%%%:  296-block  2
     2694:  296-block  3
        -:  297:      }
------------------
_ZNSt12_Vector_baseIPN5Cache4NodeESaIS2_EE11_M_allocateEy:
function _ZNSt12_Vector_baseIPN5Cache4NodeESaIS2_EE11_M_allocateEy called 0 returned 0% blocks executed 0%
    #####:  293:      _M_allocate(size_t __n)
        -:  294:      {
        -:  295:	typedef __gnu_cxx::__alloc_traits<_Tp_alloc_type> _Tr;
    #####:  296:	return __n != 0 ? _Tr::allocate(_M_impl, __n) : pointer();
    %%%%%:  296-block  0
branch  0 never executed
branch  1 never executed
    %%%%%:  296-block  1
call    2 never executed
    %%%%%:  296-block  2
    %%%%%:  296-block  3
        -:  297:      }
------------------
_ZNSt12_Vector_baseINSt7__cxx1112basic_stringIcSt11char_traitsIcESaIcEEESaIS5_EE11_M_allocateEy:
function _ZNSt12_Vector_baseINSt7__cxx1112basic_stringIcSt11char_traitsIcESaIcEEESaIS5_EE11_M_allocateEy called 1121 returned 100% blocks executed 83%
     1121:  293:      _M_allocate(size_t __n)
        -:  294:      {
        -:  295:	typedef __gnu_cxx::__alloc_traits<_Tp_alloc_type> _Tr;
    1121*:  296:	return __n != 0 ? _Tr::allocate(_M_impl, __n) : pointer();
     1121:  296-block  0
branch  0 taken 1121 (fallthrough)
branch  1 taken 0
     1121:  296-block  1
call    2 returned 1121
    %%%%%:  296-block  2
     1121:  296-block  3
        -:  297:      }
------------------
_ZNSt12_Vector_baseIiSaIiEE11_M_allocateEy:
function _ZNSt12_Vector_baseIiSaIiEE11_M_allocateEy called 163 returned 100% blocks executed 83%
      163:  293:      _M_allocate(size_t __n)
        -:  294:      {
        -:  295:	typedef __gnu_cxx::__alloc_traits<_Tp_alloc_type> _Tr;
     163*:  296:	return __n != 0 ? _Tr::allocate(_M_impl, __n) : pointer();
      163:  296-block  0
branch  0 taken 163 (fallthrough)
branch  1 taken 0
      163:  296-block  1
call    2 returned 163
    %%%%%:  296-block  2
      163:  296-block  3
        -:  297:      }
------------------
        -:  298:
        -:  299:      void
    7971*:  300:      _M_deallocate(pointer __p, size_t __n)
        -:  301:      {
        -:  302:	typedef __gnu_cxx::__alloc_traits<_Tp_alloc_type> _Tr;
    7971*:  303:	if (__p)
    5715*:  304:	  _Tr::deallocate(_M_impl, __p, __n);
    7971*:  305:      }
------------------
_ZNSt12_Vector_baseIN7KVStore4nodeESaIS1_EE13_M_deallocateEPS1_y:
function _ZNSt12_Vector_baseIN7KVStore4nodeESaIS1_EE13_M_deallocateEPS1_y called 3455 returned 100% blocks executed 100%
     3455:  300:      _M_deallocate(pointer __p, size_t __n)
        -:  301:      {
        -:  302:	typedef __gnu_cxx::__alloc_traits<_Tp_alloc_type> _Tr;
     3455:  303:	if (__p)
     3455:  303-block  0
branch  0 taken 2692 (fallthrough)
branch  1 taken 763
     2692:  304:	  _Tr::deallocate(_M_impl, __p, __n);
     2692:  304-block  0
call    0 returned 2692
     3455:  305:      }
------------------
_ZNSt12_Vector_baseIPN5Cache4NodeESaIS2_EE13_M_deallocateEPS2_y:
function _ZNSt12_Vector_baseIPN5Cache4NodeESaIS2_EE13_M_deallocateEPS2_y called 0 returned 0% blocks executed 0%
    #####:  300:      _M_deallocate(pointer __p, size_t __n)
        -:  301:      {
        -:  302:	typedef __gnu_cxx::__alloc_traits<_Tp_alloc_type> _Tr;
    #####:  303:	if (__p)
    %%%%%:  303-block  0
branch  0 never executed
branch  1 never executed
    #####:  304:	  _Tr::deallocate(_M_impl, __p, __n);
    %%%%%:  304-block  0
call    0 never executed
    #####:  305:      }
------------------
_ZNSt12_Vector_baseIiSaIiEE13_M_deallocateEPiy:
function _ZNSt12_Vector_baseIiSaIiEE13_M_deallocateEPiy called 201 returned 100% blocks executed 100%
      201:  300:      _M_deallocate(pointer __p, size_t __n)
        -:  301:      {
        -:  302:	typedef __gnu_cxx::__alloc_traits<_Tp_alloc_type> _Tr;
      201:  303:	if (__p)
      201:  303-block  0
branch  0 taken 161 (fallthrough)
branch  1 taken 40
      161:  304:	  _Tr::deallocate(_M_impl, __p, __n);
      161:  304-block  0
call    0 returned 161
      201:  305:      }
------------------
_ZNSt12_Vector_baseIN8memTable8dataNodeESaIS1_EE13_M_deallocateEPS1_y:
function _ZNSt12_Vector_baseIN8memTable8dataNodeESaIS1_EE13_M_deallocateEPS1_y called 1983 returned 100% blocks executed 100%
     1983:  300:      _M_deallocate(pointer __p, size_t __n)
        -:  301:      {
        -:  302:	typedef __gnu_cxx::__alloc_traits<_Tp_alloc_type> _Tr;
     1983:  303:	if (__p)
     1983:  303-block  0
branch  0 taken 1513 (fallthrough)
branch  1 taken 470
     1513:  304:	  _Tr::deallocate(_M_impl, __p, __n);
     1513:  304-block  0
call    0 returned 1513
     1983:  305:      }
------------------
_ZNSt12_Vector_baseINSt7__cxx1112basic_stringIcSt11char_traitsIcESaIcEEESaIS5_EE13_M_deallocateEPS5_y:
function _ZNSt12_Vector_baseINSt7__cxx1112basic_stringIcSt11char_traitsIcESaIcEEESaIS5_EE13_M_deallocateEPS5_y called 1874 returned 100% blocks executed 100%
     1874:  300:      _M_deallocate(pointer __p, size_t __n)
        -:  301:      {
        -:  302:	typedef __gnu_cxx::__alloc_traits<_Tp_alloc_type> _Tr;
     1874:  303:	if (__p)
     1874:  303-block  0
branch  0 taken 1121 (fallthrough)
branch  1 taken 753
     1121:  304:	  _Tr::deallocate(_M_impl, __p, __n);
     1121:  304-block  0
call    0 returned 1121
     1874:  305:      }
------------------
_ZNSt12_Vector_baseISt6vectorIN7KVStore4nodeESaIS2_EESaIS4_EE13_M_deallocateEPS4_y:
function _ZNSt12_Vector_baseISt6vectorIN7KVStore4nodeESaIS2_EESaIS4_EE13_M_deallocateEPS4_y called 458 returned 100% blocks executed 100%
      458:  300:      _M_deallocate(pointer __p, size_t __n)
        -:  301:      {
        -:  302:	typedef __gnu_cxx::__alloc_traits<_Tp_alloc_type> _Tr;
      458:  303:	if (__p)
      458:  303-block  0
branch  0 taken 228 (fallthrough)
branch  1 taken 230
      228:  304:	  _Tr::deallocate(_M_impl, __p, __n);
      228:  304-block  0
call    0 returned 228
      458:  305:      }
------------------
        -:  306:
        -:  307:    private:
        -:  308:      void
function _ZNSt12_Vector_baseIN7KVStore4nodeESaIS1_EE17_M_create_storageEy called 570 returned 100% blocks executed 100%
      570:  309:      _M_create_storage(size_t __n)
        -:  310:      {
      570:  311:	this->_M_impl._M_start = this->_M_allocate(__n);
      570:  311-block  0
call    0 returned 570
      570:  312:	this->_M_impl._M_finish = this->_M_impl._M_start;
      570:  313:	this->_M_impl._M_end_of_storage = this->_M_impl._M_start + __n;
      570:  314:      }
        -:  315:    };
        -:  316:
        -:  317:  /**
        -:  318:   *  @brief A standard container which offers fixed time access to
        -:  319:   *  individual elements in any order.
        -:  320:   *
        -:  321:   *  @ingroup sequences
        -:  322:   *
        -:  323:   *  @tparam _Tp  Type of element.
        -:  324:   *  @tparam _Alloc  Allocator type, defaults to allocator<_Tp>.
        -:  325:   *
        -:  326:   *  Meets the requirements of a <a href="tables.html#65">container</a>, a
        -:  327:   *  <a href="tables.html#66">reversible container</a>, and a
        -:  328:   *  <a href="tables.html#67">sequence</a>, including the
        -:  329:   *  <a href="tables.html#68">optional sequence requirements</a> with the
        -:  330:   *  %exception of @c push_front and @c pop_front.
        -:  331:   *
        -:  332:   *  In some terminology a %vector can be described as a dynamic
        -:  333:   *  C-style array, it offers fast and efficient access to individual
        -:  334:   *  elements in any order and saves the user from worrying about
        -:  335:   *  memory and size allocation.  Subscripting ( @c [] ) access is
        -:  336:   *  also provided as with C-style arrays.
        -:  337:  */
        -:  338:  template<typename _Tp, typename _Alloc = std::allocator<_Tp> >
        -:  339:    class vector : protected _Vector_base<_Tp, _Alloc>
        -:  340:    {
        -:  341:#ifdef _GLIBCXX_CONCEPT_CHECKS
        -:  342:      // Concept requirements.
        -:  343:      typedef typename _Alloc::value_type		_Alloc_value_type;
        -:  344:# if __cplusplus < 201103L
        -:  345:      __glibcxx_class_requires(_Tp, _SGIAssignableConcept)
        -:  346:# endif
        -:  347:      __glibcxx_class_requires2(_Tp, _Alloc_value_type, _SameTypeConcept)
        -:  348:#endif
        -:  349:
        -:  350:#if __cplusplus >= 201103L
        -:  351:      static_assert(is_same<typename remove_cv<_Tp>::type, _Tp>::value,
        -:  352:	  "std::vector must have a non-const, non-volatile value_type");
        -:  353:# ifdef __STRICT_ANSI__
        -:  354:      static_assert(is_same<typename _Alloc::value_type, _Tp>::value,
        -:  355:	  "std::vector must have the same value_type as its allocator");
        -:  356:# endif
        -:  357:#endif
        -:  358:
        -:  359:      typedef _Vector_base<_Tp, _Alloc>			_Base;
        -:  360:      typedef typename _Base::_Tp_alloc_type		_Tp_alloc_type;
        -:  361:      typedef __gnu_cxx::__alloc_traits<_Tp_alloc_type>	_Alloc_traits;
        -:  362:
        -:  363:    public:
        -:  364:      typedef _Tp					value_type;
        -:  365:      typedef typename _Base::pointer			pointer;
        -:  366:      typedef typename _Alloc_traits::const_pointer	const_pointer;
        -:  367:      typedef typename _Alloc_traits::reference		reference;
        -:  368:      typedef typename _Alloc_traits::const_reference	const_reference;
        -:  369:      typedef __gnu_cxx::__normal_iterator<pointer, vector> iterator;
        -:  370:      typedef __gnu_cxx::__normal_iterator<const_pointer, vector>
        -:  371:      const_iterator;
        -:  372:      typedef std::reverse_iterator<const_iterator>	const_reverse_iterator;
        -:  373:      typedef std::reverse_iterator<iterator>		reverse_iterator;
        -:  374:      typedef size_t					size_type;
        -:  375:      typedef ptrdiff_t					difference_type;
        -:  376:      typedef _Alloc					allocator_type;
        -:  377:
        -:  378:    protected:
        -:  379:      using _Base::_M_allocate;
        -:  380:      using _Base::_M_deallocate;
        -:  381:      using _Base::_M_impl;
        -:  382:      using _Base::_M_get_Tp_allocator;
        -:  383:
        -:  384:    public:
        -:  385:      // [23.2.4.1] construct/copy/destroy
        -:  386:      // (assign() and get_allocator() are also listed in this section)
        -:  387:
        -:  388:      /**
        -:  389:       *  @brief  Creates a %vector with no elements.
        -:  390:       */
    2115*:  391:      vector()
        -:  392:#if __cplusplus >= 201103L
        -:  393:      noexcept(is_nothrow_default_constructible<_Alloc>::value)
        -:  394:#endif
    2115*:  395:      : _Base() { }
------------------
_ZNSt6vectorIN7KVStore4nodeESaIS1_EEC1Ev:
function _ZNSt6vectorIN7KVStore4nodeESaIS1_EEC1Ev called 616 returned 100% blocks executed 100%
      616:  391:      vector()
        -:  392:#if __cplusplus >= 201103L
        -:  393:      noexcept(is_nothrow_default_constructible<_Alloc>::value)
        -:  394:#endif
      616:  395:      : _Base() { }
      616:  395-block  0
call    0 returned 616
------------------
_ZNSt6vectorIS_IN7KVStore4nodeESaIS1_EESaIS3_EEC1Ev:
function _ZNSt6vectorIS_IN7KVStore4nodeESaIS1_EESaIS3_EEC1Ev called 231 returned 100% blocks executed 100%
      231:  391:      vector()
        -:  392:#if __cplusplus >= 201103L
        -:  393:      noexcept(is_nothrow_default_constructible<_Alloc>::value)
        -:  394:#endif
      231:  395:      : _Base() { }
      231:  395-block  0
call    0 returned 231
------------------
_ZNSt6vectorIPN5Cache4NodeESaIS2_EEC1Ev:
function _ZNSt6vectorIPN5Cache4NodeESaIS2_EEC1Ev called 0 returned 0% blocks executed 0%
    #####:  391:      vector()
        -:  392:#if __cplusplus >= 201103L
        -:  393:      noexcept(is_nothrow_default_constructible<_Alloc>::value)
        -:  394:#endif
    #####:  395:      : _Base() { }
    %%%%%:  395-block  0
call    0 never executed
------------------
_ZNSt6vectorIiSaIiEEC1Ev:
function _ZNSt6vectorIiSaIiEEC1Ev called 40 returned 100% blocks executed 100%
       40:  391:      vector()
        -:  392:#if __cplusplus >= 201103L
        -:  393:      noexcept(is_nothrow_default_constructible<_Alloc>::value)
        -:  394:#endif
       40:  395:      : _Base() { }
       40:  395-block  0
call    0 returned 40
------------------
_ZNSt6vectorIN8memTable8dataNodeESaIS1_EEC1Ev:
function _ZNSt6vectorIN8memTable8dataNodeESaIS1_EEC1Ev called 471 returned 100% blocks executed 100%
      471:  391:      vector()
        -:  392:#if __cplusplus >= 201103L
        -:  393:      noexcept(is_nothrow_default_constructible<_Alloc>::value)
        -:  394:#endif
      471:  395:      : _Base() { }
      471:  395-block  0
call    0 returned 471
------------------
_ZNSt6vectorINSt7__cxx1112basic_stringIcSt11char_traitsIcESaIcEEESaIS5_EEC1Ev:
function _ZNSt6vectorINSt7__cxx1112basic_stringIcSt11char_traitsIcESaIcEEESaIS5_EEC1Ev called 757 returned 100% blocks executed 100%
      757:  391:      vector()
        -:  392:#if __cplusplus >= 201103L
        -:  393:      noexcept(is_nothrow_default_constructible<_Alloc>::value)
        -:  394:#endif
      757:  395:      : _Base() { }
      757:  395-block  0
call    0 returned 757
------------------
        -:  396:
        -:  397:      /**
        -:  398:       *  @brief  Creates a %vector with no elements.
        -:  399:       *  @param  __a  An allocator object.
        -:  400:       */
        -:  401:      explicit
function _ZNSt6vectorIPN5Cache4NodeESaIS2_EEC1ERKS3_ called 40 returned 100% blocks executed 100%
       40:  402:      vector(const allocator_type& __a) _GLIBCXX_NOEXCEPT
       40:  403:      : _Base(__a) { }
       40:  403-block  0
call    0 returned 40
        -:  404:
        -:  405:#if __cplusplus >= 201103L
        -:  406:      /**
        -:  407:       *  @brief  Creates a %vector with default constructed elements.
        -:  408:       *  @param  __n  The number of elements to initially create.
        -:  409:       *  @param  __a  An allocator.
        -:  410:       *
        -:  411:       *  This constructor fills the %vector with @a __n default
        -:  412:       *  constructed elements.
        -:  413:       */
        -:  414:      explicit
        -:  415:      vector(size_type __n, const allocator_type& __a = allocator_type())
        -:  416:      : _Base(__n, __a)
        -:  417:      { _M_default_initialize(__n); }
        -:  418:
        -:  419:      /**
        -:  420:       *  @brief  Creates a %vector with copies of an exemplar element.
        -:  421:       *  @param  __n  The number of elements to initially create.
        -:  422:       *  @param  __value  An element to copy.
        -:  423:       *  @param  __a  An allocator.
        -:  424:       *
        -:  425:       *  This constructor fills the %vector with @a __n copies of @a __value.
        -:  426:       */
        -:  427:      vector(size_type __n, const value_type& __value,
        -:  428:	     const allocator_type& __a = allocator_type())
        -:  429:      : _Base(__n, __a)
        -:  430:      { _M_fill_initialize(__n, __value); }
        -:  431:#else
        -:  432:      /**
        -:  433:       *  @brief  Creates a %vector with copies of an exemplar element.
        -:  434:       *  @param  __n  The number of elements to initially create.
        -:  435:       *  @param  __value  An element to copy.
        -:  436:       *  @param  __a  An allocator.
        -:  437:       *
        -:  438:       *  This constructor fills the %vector with @a __n copies of @a __value.
        -:  439:       */
        -:  440:      explicit
        -:  441:      vector(size_type __n, const value_type& __value = value_type(),
        -:  442:	     const allocator_type& __a = allocator_type())
        -:  443:      : _Base(__n, __a)
        -:  444:      { _M_fill_initialize(__n, __value); }
        -:  445:#endif
        -:  446:
        -:  447:      /**
        -:  448:       *  @brief  %Vector copy constructor.
        -:  449:       *  @param  __x  A %vector of identical element and allocator types.
        -:  450:       *
        -:  451:       *  All the elements of @a __x are copied, but any unused capacity in
        -:  452:       *  @a __x  will not be copied
        -:  453:       *  (i.e. capacity() == size() in the new %vector).
        -:  454:       *
        -:  455:       *  The newly-created %vector uses a copy of the allocator object used
        -:  456:       *  by @a __x (unless the allocator traits dictate a different object).
        -:  457:       */
function _ZNSt6vectorIN7KVStore4nodeESaIS1_EEC1ERKS3_ called 570 returned 100% blocks executed 73%
      570:  458:      vector(const vector& __x)
        -:  459:      : _Base(__x.size(),
      570:  460:	_Alloc_traits::_S_select_on_copy(__x._M_get_Tp_allocator()))
      570:  460-block  0
call    0 returned 570
call    1 returned 570
call    2 returned 570
call    3 returned 570
branch  4 taken 570 (fallthrough)
branch  5 taken 0 (throw)
      570:  460-block  1
call    6 returned 570
    $$$$$:  460-block  2
call    7 never executed
    $$$$$:  460-block  3
call    8 never executed
    $$$$$:  460-block  4
call    9 never executed
        -:  461:      {
      570:  462:	this->_M_impl._M_finish =
      570:  463:	  std::__uninitialized_copy_a(__x.begin(), __x.end(),
call    0 returned 570
call    1 returned 570
call    2 returned 570
branch  3 taken 570 (fallthrough)
branch  4 taken 0 (throw)
        -:  464:				      this->_M_impl._M_start,
      570:  465:				      _M_get_Tp_allocator());
call    0 returned 570
      570:  466:      }
      570:  466-block  0
        -:  467:
        -:  468:#if __cplusplus >= 201103L
        -:  469:      /**
        -:  470:       *  @brief  %Vector move constructor.
        -:  471:       *  @param  __x  A %vector of identical element and allocator types.
        -:  472:       *
        -:  473:       *  The newly-created %vector contains the exact contents of @a __x.
        -:  474:       *  The contents of @a __x are a valid, but unspecified %vector.
        -:  475:       */
function _ZNSt6vectorIN7KVStore4nodeESaIS1_EEC1EOS3_ called 150 returned 100% blocks executed 100%
      150:  476:      vector(vector&& __x) noexcept
      150:  477:      : _Base(std::move(__x)) { }
      150:  477-block  0
call    0 returned 150
call    1 returned 150
        -:  478:
        -:  479:      /// Copy constructor with alternative allocator
        -:  480:      vector(const vector& __x, const allocator_type& __a)
        -:  481:      : _Base(__x.size(), __a)
        -:  482:      {
        -:  483:	this->_M_impl._M_finish =
        -:  484:	  std::__uninitialized_copy_a(__x.begin(), __x.end(),
        -:  485:				      this->_M_impl._M_start,
        -:  486:				      _M_get_Tp_allocator());
        -:  487:      }
        -:  488:
        -:  489:      /// Move constructor with alternative allocator
        -:  490:      vector(vector&& __rv, const allocator_type& __m)
        -:  491:      noexcept(_Alloc_traits::_S_always_equal())
        -:  492:      : _Base(std::move(__rv), __m)
        -:  493:      {
        -:  494:	if (__rv.get_allocator() != __m)
        -:  495:	  {
        -:  496:	    this->_M_impl._M_finish =
        -:  497:	      std::__uninitialized_move_a(__rv.begin(), __rv.end(),
        -:  498:					  this->_M_impl._M_start,
        -:  499:					  _M_get_Tp_allocator());
        -:  500:	    __rv.clear();
        -:  501:	  }
        -:  502:      }
        -:  503:
        -:  504:      /**
        -:  505:       *  @brief  Builds a %vector from an initializer list.
        -:  506:       *  @param  __l  An initializer_list.
        -:  507:       *  @param  __a  An allocator.
        -:  508:       *
        -:  509:       *  Create a %vector consisting of copies of the elements in the
        -:  510:       *  initializer_list @a __l.
        -:  511:       *
        -:  512:       *  This will call the element type's copy constructor N times
        -:  513:       *  (where N is @a __l.size()) and do no memory reallocation.
        -:  514:       */
        -:  515:      vector(initializer_list<value_type> __l,
        -:  516:	     const allocator_type& __a = allocator_type())
        -:  517:      : _Base(__a)
        -:  518:      {
        -:  519:	_M_range_initialize(__l.begin(), __l.end(),
        -:  520:			    random_access_iterator_tag());
        -:  521:      }
        -:  522:#endif
        -:  523:
        -:  524:      /**
        -:  525:       *  @brief  Builds a %vector from a range.
        -:  526:       *  @param  __first  An input iterator.
        -:  527:       *  @param  __last  An input iterator.
        -:  528:       *  @param  __a  An allocator.
        -:  529:       *
        -:  530:       *  Create a %vector consisting of copies of the elements from
        -:  531:       *  [first,last).
        -:  532:       *
        -:  533:       *  If the iterators are forward, bidirectional, or
        -:  534:       *  random-access, then this will call the elements' copy
        -:  535:       *  constructor N times (where N is distance(first,last)) and do
        -:  536:       *  no memory reallocation.  But if only input iterators are
        -:  537:       *  used, then this will do at most 2N calls to the copy
        -:  538:       *  constructor, and logN memory reallocations.
        -:  539:       */
        -:  540:#if __cplusplus >= 201103L
        -:  541:      template<typename _InputIterator,
        -:  542:	       typename = std::_RequireInputIter<_InputIterator>>
        -:  543:	vector(_InputIterator __first, _InputIterator __last,
        -:  544:	       const allocator_type& __a = allocator_type())
        -:  545:	: _Base(__a)
        -:  546:	{ _M_initialize_dispatch(__first, __last, __false_type()); }
        -:  547:#else
        -:  548:      template<typename _InputIterator>
        -:  549:	vector(_InputIterator __first, _InputIterator __last,
        -:  550:	       const allocator_type& __a = allocator_type())
        -:  551:	: _Base(__a)
        -:  552:	{
        -:  553:	  // Check whether it's an integral type.  If so, it's not an iterator.
        -:  554:	  typedef typename std::__is_integer<_InputIterator>::__type _Integral;
        -:  555:	  _M_initialize_dispatch(__first, __last, _Integral());
        -:  556:	}
        -:  557:#endif
        -:  558:
        -:  559:      /**
        -:  560:       *  The dtor only erases the elements, and note that if the
        -:  561:       *  elements themselves are pointers, the pointed-to memory is
        -:  562:       *  not touched in any way.  Managing the pointer is the user's
        -:  563:       *  responsibility.
        -:  564:       */
    2821*:  565:      ~vector() _GLIBCXX_NOEXCEPT
        -:  566:      {
    2821*:  567:	std::_Destroy(this->_M_impl._M_start, this->_M_impl._M_finish,
    2821*:  568:		      _M_get_Tp_allocator());
        -:  569:	_GLIBCXX_ASAN_ANNOTATE_BEFORE_DEALLOC;
    2821*:  570:      }
------------------
_ZNSt6vectorIN7KVStore4nodeESaIS1_EED1Ev:
function _ZNSt6vectorIN7KVStore4nodeESaIS1_EED1Ev called 1331 returned 100% blocks executed 100%
     1331:  565:      ~vector() _GLIBCXX_NOEXCEPT
        -:  566:      {
     1331:  567:	std::_Destroy(this->_M_impl._M_start, this->_M_impl._M_finish,
call    0 returned 1331
     1331:  568:		      _M_get_Tp_allocator());
     1331:  568-block  0
call    0 returned 1331
        -:  569:	_GLIBCXX_ASAN_ANNOTATE_BEFORE_DEALLOC;
     1331:  570:      }
call    0 returned 1331
------------------
_ZNSt6vectorIS_IN7KVStore4nodeESaIS1_EESaIS3_EED1Ev:
function _ZNSt6vectorIS_IN7KVStore4nodeESaIS1_EESaIS3_EED1Ev called 229 returned 100% blocks executed 100%
      229:  565:      ~vector() _GLIBCXX_NOEXCEPT
        -:  566:      {
      229:  567:	std::_Destroy(this->_M_impl._M_start, this->_M_impl._M_finish,
call    0 returned 229
      229:  568:		      _M_get_Tp_allocator());
      229:  568-block  0
call    0 returned 229
        -:  569:	_GLIBCXX_ASAN_ANNOTATE_BEFORE_DEALLOC;
      229:  570:      }
call    0 returned 229
------------------
_ZNSt6vectorIPN5Cache4NodeESaIS2_EED1Ev:
function _ZNSt6vectorIPN5Cache4NodeESaIS2_EED1Ev called 0 returned 0% blocks executed 0%
    #####:  565:      ~vector() _GLIBCXX_NOEXCEPT
        -:  566:      {
    #####:  567:	std::_Destroy(this->_M_impl._M_start, this->_M_impl._M_finish,
call    0 never executed
    #####:  568:		      _M_get_Tp_allocator());
    %%%%%:  568-block  0
call    0 never executed
        -:  569:	_GLIBCXX_ASAN_ANNOTATE_BEFORE_DEALLOC;
    #####:  570:      }
call    0 never executed
------------------
_ZNSt6vectorIiSaIiEED1Ev:
function _ZNSt6vectorIiSaIiEED1Ev called 38 returned 100% blocks executed 100%
       38:  565:      ~vector() _GLIBCXX_NOEXCEPT
        -:  566:      {
       38:  567:	std::_Destroy(this->_M_impl._M_start, this->_M_impl._M_finish,
call    0 returned 38
       38:  568:		      _M_get_Tp_allocator());
       38:  568-block  0
call    0 returned 38
        -:  569:	_GLIBCXX_ASAN_ANNOTATE_BEFORE_DEALLOC;
       38:  570:      }
call    0 returned 38
------------------
_ZNSt6vectorIN8memTable8dataNodeESaIS1_EED1Ev:
function _ZNSt6vectorIN8memTable8dataNodeESaIS1_EED1Ev called 470 returned 100% blocks executed 100%
      470:  565:      ~vector() _GLIBCXX_NOEXCEPT
        -:  566:      {
      470:  567:	std::_Destroy(this->_M_impl._M_start, this->_M_impl._M_finish,
call    0 returned 470
      470:  568:		      _M_get_Tp_allocator());
      470:  568-block  0
call    0 returned 470
        -:  569:	_GLIBCXX_ASAN_ANNOTATE_BEFORE_DEALLOC;
      470:  570:      }
call    0 returned 470
------------------
_ZNSt6vectorINSt7__cxx1112basic_stringIcSt11char_traitsIcESaIcEEESaIS5_EED1Ev:
function _ZNSt6vectorINSt7__cxx1112basic_stringIcSt11char_traitsIcESaIcEEESaIS5_EED1Ev called 753 returned 100% blocks executed 100%
      753:  565:      ~vector() _GLIBCXX_NOEXCEPT
        -:  566:      {
      753:  567:	std::_Destroy(this->_M_impl._M_start, this->_M_impl._M_finish,
call    0 returned 753
      753:  568:		      _M_get_Tp_allocator());
      753:  568-block  0
call    0 returned 753
        -:  569:	_GLIBCXX_ASAN_ANNOTATE_BEFORE_DEALLOC;
      753:  570:      }
call    0 returned 753
------------------
        -:  571:
        -:  572:      /**
        -:  573:       *  @brief  %Vector assignment operator.
        -:  574:       *  @param  __x  A %vector of identical element and allocator types.
        -:  575:       *
        -:  576:       *  All the elements of @a __x are copied, but any unused capacity in
        -:  577:       *  @a __x will not be copied.
        -:  578:       *
        -:  579:       *  Whether the allocator is copied depends on the allocator traits.
        -:  580:       */
        -:  581:      vector&
        -:  582:      operator=(const vector& __x);
        -:  583:
        -:  584:#if __cplusplus >= 201103L
        -:  585:      /**
        -:  586:       *  @brief  %Vector move assignment operator.
        -:  587:       *  @param  __x  A %vector of identical element and allocator types.
        -:  588:       *
        -:  589:       *  The contents of @a __x are moved into this %vector (without copying,
        -:  590:       *  if the allocators permit it).
        -:  591:       *  Afterwards @a __x is a valid, but unspecified %vector.
        -:  592:       *
        -:  593:       *  Whether the allocator is moved depends on the allocator traits.
        -:  594:       */
        -:  595:      vector&
function _ZNSt6vectorIPN5Cache4NodeESaIS2_EEaSEOS4_ called 40 returned 100% blocks executed 100%
       40:  596:      operator=(vector&& __x) noexcept(_Alloc_traits::_S_nothrow_move())
        -:  597:      {
       40:  598:	constexpr bool __move_storage =
        -:  599:	  _Alloc_traits::_S_propagate_on_move_assign()
        -:  600:	  || _Alloc_traits::_S_always_equal();
       40:  601:	_M_move_assign(std::move(__x), __bool_constant<__move_storage>());
       40:  601-block  0
call    0 returned 40
call    1 returned 40
       40:  602:	return *this;
        -:  603:      }
        -:  604:
        -:  605:      /**
        -:  606:       *  @brief  %Vector list assignment operator.
        -:  607:       *  @param  __l  An initializer_list.
        -:  608:       *
        -:  609:       *  This function fills a %vector with copies of the elements in the
        -:  610:       *  initializer list @a __l.
        -:  611:       *
        -:  612:       *  Note that the assignment completely changes the %vector and
        -:  613:       *  that the resulting %vector's size is the same as the number
        -:  614:       *  of elements assigned.
        -:  615:       */
        -:  616:      vector&
        -:  617:      operator=(initializer_list<value_type> __l)
        -:  618:      {
        -:  619:	this->_M_assign_aux(__l.begin(), __l.end(),
        -:  620:			    random_access_iterator_tag());
        -:  621:	return *this;
        -:  622:      }
        -:  623:#endif
        -:  624:
        -:  625:      /**
        -:  626:       *  @brief  Assigns a given value to a %vector.
        -:  627:       *  @param  __n  Number of elements to be assigned.
        -:  628:       *  @param  __val  Value to be assigned.
        -:  629:       *
        -:  630:       *  This function fills a %vector with @a __n copies of the given
        -:  631:       *  value.  Note that the assignment completely changes the
        -:  632:       *  %vector and that the resulting %vector's size is the same as
        -:  633:       *  the number of elements assigned.
        -:  634:       */
        -:  635:      void
        -:  636:      assign(size_type __n, const value_type& __val)
        -:  637:      { _M_fill_assign(__n, __val); }
        -:  638:
        -:  639:      /**
        -:  640:       *  @brief  Assigns a range to a %vector.
        -:  641:       *  @param  __first  An input iterator.
        -:  642:       *  @param  __last   An input iterator.
        -:  643:       *
        -:  644:       *  This function fills a %vector with copies of the elements in the
        -:  645:       *  range [__first,__last).
        -:  646:       *
        -:  647:       *  Note that the assignment completely changes the %vector and
        -:  648:       *  that the resulting %vector's size is the same as the number
        -:  649:       *  of elements assigned.
        -:  650:       */
        -:  651:#if __cplusplus >= 201103L
        -:  652:      template<typename _InputIterator,
        -:  653:	       typename = std::_RequireInputIter<_InputIterator>>
        -:  654:	void
        -:  655:	assign(_InputIterator __first, _InputIterator __last)
        -:  656:	{ _M_assign_dispatch(__first, __last, __false_type()); }
        -:  657:#else
        -:  658:      template<typename _InputIterator>
        -:  659:	void
        -:  660:	assign(_InputIterator __first, _InputIterator __last)
        -:  661:	{
        -:  662:	  // Check whether it's an integral type.  If so, it's not an iterator.
        -:  663:	  typedef typename std::__is_integer<_InputIterator>::__type _Integral;
        -:  664:	  _M_assign_dispatch(__first, __last, _Integral());
        -:  665:	}
        -:  666:#endif
        -:  667:
        -:  668:#if __cplusplus >= 201103L
        -:  669:      /**
        -:  670:       *  @brief  Assigns an initializer list to a %vector.
        -:  671:       *  @param  __l  An initializer_list.
        -:  672:       *
        -:  673:       *  This function fills a %vector with copies of the elements in the
        -:  674:       *  initializer list @a __l.
        -:  675:       *
        -:  676:       *  Note that the assignment completely changes the %vector and
        -:  677:       *  that the resulting %vector's size is the same as the number
        -:  678:       *  of elements assigned.
        -:  679:       */
        -:  680:      void
        -:  681:      assign(initializer_list<value_type> __l)
        -:  682:      {
        -:  683:	this->_M_assign_aux(__l.begin(), __l.end(),
        -:  684:			    random_access_iterator_tag());
        -:  685:      }
        -:  686:#endif
        -:  687:
        -:  688:      /// Get a copy of the memory allocation object.
        -:  689:      using _Base::get_allocator;
        -:  690:
        -:  691:      // iterators
        -:  692:      /**
        -:  693:       *  Returns a read/write iterator that points to the first
        -:  694:       *  element in the %vector.  Iteration is done in ordinary
        -:  695:       *  element order.
        -:  696:       */
        -:  697:      iterator
    6098*:  698:      begin() _GLIBCXX_NOEXCEPT
    6098*:  699:      { return iterator(this->_M_impl._M_start); }
------------------
_ZNSt6vectorIN8memTable8dataNodeESaIS1_EE5beginEv:
function _ZNSt6vectorIN8memTable8dataNodeESaIS1_EE5beginEv called 1513 returned 100% blocks executed 100%
     1513:  698:      begin() _GLIBCXX_NOEXCEPT
     1513:  699:      { return iterator(this->_M_impl._M_start); }
     1513:  699-block  0
call    0 returned 1513
------------------
_ZNSt6vectorIPN5Cache4NodeESaIS2_EE5beginEv:
function _ZNSt6vectorIPN5Cache4NodeESaIS2_EE5beginEv called 0 returned 0% blocks executed 0%
    #####:  698:      begin() _GLIBCXX_NOEXCEPT
    #####:  699:      { return iterator(this->_M_impl._M_start); }
    %%%%%:  699-block  0
call    0 never executed
------------------
_ZNSt6vectorIS_IN7KVStore4nodeESaIS1_EESaIS3_EE5beginEv:
function _ZNSt6vectorIS_IN7KVStore4nodeESaIS1_EESaIS3_EE5beginEv called 229 returned 100% blocks executed 100%
      229:  698:      begin() _GLIBCXX_NOEXCEPT
      229:  699:      { return iterator(this->_M_impl._M_start); }
      229:  699-block  0
call    0 returned 229
------------------
_ZNSt6vectorIN7KVStore4nodeESaIS1_EE5beginEv:
function _ZNSt6vectorIN7KVStore4nodeESaIS1_EE5beginEv called 2756 returned 100% blocks executed 100%
     2756:  698:      begin() _GLIBCXX_NOEXCEPT
     2756:  699:      { return iterator(this->_M_impl._M_start); }
     2756:  699-block  0
call    0 returned 2756
------------------
_ZNSt6vectorIiSaIiEE5beginEv:
function _ZNSt6vectorIiSaIiEE5beginEv called 203 returned 100% blocks executed 100%
      203:  698:      begin() _GLIBCXX_NOEXCEPT
      203:  699:      { return iterator(this->_M_impl._M_start); }
      203:  699-block  0
call    0 returned 203
------------------
_ZNSt6vectorINSt7__cxx1112basic_stringIcSt11char_traitsIcESaIcEEESaIS5_EE5beginEv:
function _ZNSt6vectorINSt7__cxx1112basic_stringIcSt11char_traitsIcESaIcEEESaIS5_EE5beginEv called 1397 returned 100% blocks executed 100%
     1397:  698:      begin() _GLIBCXX_NOEXCEPT
     1397:  699:      { return iterator(this->_M_impl._M_start); }
     1397:  699-block  0
call    0 returned 1397
------------------
        -:  700:
        -:  701:      /**
        -:  702:       *  Returns a read-only (constant) iterator that points to the
        -:  703:       *  first element in the %vector.  Iteration is done in ordinary
        -:  704:       *  element order.
        -:  705:       */
        -:  706:      const_iterator
      722:  707:      begin() const _GLIBCXX_NOEXCEPT
      722:  708:      { return const_iterator(this->_M_impl._M_start); }
------------------
_ZNKSt6vectorIN7KVStore4nodeESaIS1_EE5beginEv:
function _ZNKSt6vectorIN7KVStore4nodeESaIS1_EE5beginEv called 570 returned 100% blocks executed 100%
      570:  707:      begin() const _GLIBCXX_NOEXCEPT
      570:  708:      { return const_iterator(this->_M_impl._M_start); }
      570:  708-block  0
call    0 returned 570
------------------
_ZNKSt6vectorIS_IN7KVStore4nodeESaIS1_EESaIS3_EE5beginEv:
function _ZNKSt6vectorIS_IN7KVStore4nodeESaIS1_EESaIS3_EE5beginEv called 152 returned 100% blocks executed 100%
      152:  707:      begin() const _GLIBCXX_NOEXCEPT
      152:  708:      { return const_iterator(this->_M_impl._M_start); }
      152:  708-block  0
call    0 returned 152
------------------
        -:  709:
        -:  710:      /**
        -:  711:       *  Returns a read/write iterator that points one past the last
        -:  712:       *  element in the %vector.  Iteration is done in ordinary
        -:  713:       *  element order.
        -:  714:       */
        -:  715:      iterator
    5616*:  716:      end() _GLIBCXX_NOEXCEPT
    5616*:  717:      { return iterator(this->_M_impl._M_finish); }
------------------
_ZNSt6vectorIN8memTable8dataNodeESaIS1_EE3endEv:
function _ZNSt6vectorIN8memTable8dataNodeESaIS1_EE3endEv called 1513 returned 100% blocks executed 100%
     1513:  716:      end() _GLIBCXX_NOEXCEPT
     1513:  717:      { return iterator(this->_M_impl._M_finish); }
     1513:  717-block  0
call    0 returned 1513
------------------
_ZNSt6vectorIS_IN7KVStore4nodeESaIS1_EESaIS3_EE3endEv:
function _ZNSt6vectorIS_IN7KVStore4nodeESaIS1_EESaIS3_EE3endEv called 229 returned 100% blocks executed 100%
      229:  716:      end() _GLIBCXX_NOEXCEPT
      229:  717:      { return iterator(this->_M_impl._M_finish); }
      229:  717-block  0
call    0 returned 229
------------------
_ZNSt6vectorIPN5Cache4NodeESaIS2_EE3endEv:
function _ZNSt6vectorIPN5Cache4NodeESaIS2_EE3endEv called 0 returned 0% blocks executed 0%
    #####:  716:      end() _GLIBCXX_NOEXCEPT
    #####:  717:      { return iterator(this->_M_impl._M_finish); }
    %%%%%:  717-block  0
call    0 never executed
------------------
_ZNSt6vectorIN7KVStore4nodeESaIS1_EE3endEv:
function _ZNSt6vectorIN7KVStore4nodeESaIS1_EE3endEv called 2392 returned 100% blocks executed 100%
     2392:  716:      end() _GLIBCXX_NOEXCEPT
     2392:  717:      { return iterator(this->_M_impl._M_finish); }
     2392:  717-block  0
call    0 returned 2392
------------------
_ZNSt6vectorIiSaIiEE3endEv:
function _ZNSt6vectorIiSaIiEE3endEv called 203 returned 100% blocks executed 100%
      203:  716:      end() _GLIBCXX_NOEXCEPT
      203:  717:      { return iterator(this->_M_impl._M_finish); }
      203:  717-block  0
call    0 returned 203
------------------
_ZNSt6vectorINSt7__cxx1112basic_stringIcSt11char_traitsIcESaIcEEESaIS5_EE3endEv:
function _ZNSt6vectorINSt7__cxx1112basic_stringIcSt11char_traitsIcESaIcEEESaIS5_EE3endEv called 1279 returned 100% blocks executed 100%
     1279:  716:      end() _GLIBCXX_NOEXCEPT
     1279:  717:      { return iterator(this->_M_impl._M_finish); }
     1279:  717-block  0
call    0 returned 1279
------------------
        -:  718:
        -:  719:      /**
        -:  720:       *  Returns a read-only (constant) iterator that points one past
        -:  721:       *  the last element in the %vector.  Iteration is done in
        -:  722:       *  ordinary element order.
        -:  723:       */
        -:  724:      const_iterator
      722:  725:      end() const _GLIBCXX_NOEXCEPT
      722:  726:      { return const_iterator(this->_M_impl._M_finish); }
------------------
_ZNKSt6vectorIN7KVStore4nodeESaIS1_EE3endEv:
function _ZNKSt6vectorIN7KVStore4nodeESaIS1_EE3endEv called 570 returned 100% blocks executed 100%
      570:  725:      end() const _GLIBCXX_NOEXCEPT
      570:  726:      { return const_iterator(this->_M_impl._M_finish); }
      570:  726-block  0
call    0 returned 570
------------------
_ZNKSt6vectorIS_IN7KVStore4nodeESaIS1_EESaIS3_EE3endEv:
function _ZNKSt6vectorIS_IN7KVStore4nodeESaIS1_EESaIS3_EE3endEv called 152 returned 100% blocks executed 100%
      152:  725:      end() const _GLIBCXX_NOEXCEPT
      152:  726:      { return const_iterator(this->_M_impl._M_finish); }
      152:  726-block  0
call    0 returned 152
------------------
        -:  727:
        -:  728:      /**
        -:  729:       *  Returns a read/write reverse iterator that points to the
        -:  730:       *  last element in the %vector.  Iteration is done in reverse
        -:  731:       *  element order.
        -:  732:       */
        -:  733:      reverse_iterator
        -:  734:      rbegin() _GLIBCXX_NOEXCEPT
        -:  735:      { return reverse_iterator(end()); }
        -:  736:
        -:  737:      /**
        -:  738:       *  Returns a read-only (constant) reverse iterator that points
        -:  739:       *  to the last element in the %vector.  Iteration is done in
        -:  740:       *  reverse element order.
        -:  741:       */
        -:  742:      const_reverse_iterator
        -:  743:      rbegin() const _GLIBCXX_NOEXCEPT
        -:  744:      { return const_reverse_iterator(end()); }
        -:  745:
        -:  746:      /**
        -:  747:       *  Returns a read/write reverse iterator that points to one
        -:  748:       *  before the first element in the %vector.  Iteration is done
        -:  749:       *  in reverse element order.
        -:  750:       */
        -:  751:      reverse_iterator
        -:  752:      rend() _GLIBCXX_NOEXCEPT
        -:  753:      { return reverse_iterator(begin()); }
        -:  754:
        -:  755:      /**
        -:  756:       *  Returns a read-only (constant) reverse iterator that points
        -:  757:       *  to one before the first element in the %vector.  Iteration
        -:  758:       *  is done in reverse element order.
        -:  759:       */
        -:  760:      const_reverse_iterator
        -:  761:      rend() const _GLIBCXX_NOEXCEPT
        -:  762:      { return const_reverse_iterator(begin()); }
        -:  763:
        -:  764:#if __cplusplus >= 201103L
        -:  765:      /**
        -:  766:       *  Returns a read-only (constant) iterator that points to the
        -:  767:       *  first element in the %vector.  Iteration is done in ordinary
        -:  768:       *  element order.
        -:  769:       */
        -:  770:      const_iterator
      348:  771:      cbegin() const noexcept
      348:  772:      { return const_iterator(this->_M_impl._M_start); }
------------------
_ZNKSt6vectorIN7KVStore4nodeESaIS1_EE6cbeginEv:
function _ZNKSt6vectorIN7KVStore4nodeESaIS1_EE6cbeginEv called 230 returned 100% blocks executed 100%
      230:  771:      cbegin() const noexcept
      230:  772:      { return const_iterator(this->_M_impl._M_start); }
      230:  772-block  0
call    0 returned 230
------------------
_ZNKSt6vectorINSt7__cxx1112basic_stringIcSt11char_traitsIcESaIcEEESaIS5_EE6cbeginEv:
function _ZNKSt6vectorINSt7__cxx1112basic_stringIcSt11char_traitsIcESaIcEEESaIS5_EE6cbeginEv called 118 returned 100% blocks executed 100%
      118:  771:      cbegin() const noexcept
      118:  772:      { return const_iterator(this->_M_impl._M_start); }
      118:  772-block  0
call    0 returned 118
------------------
        -:  773:
        -:  774:      /**
        -:  775:       *  Returns a read-only (constant) iterator that points one past
        -:  776:       *  the last element in the %vector.  Iteration is done in
        -:  777:       *  ordinary element order.
        -:  778:       */
        -:  779:      const_iterator
        -:  780:      cend() const noexcept
        -:  781:      { return const_iterator(this->_M_impl._M_finish); }
        -:  782:
        -:  783:      /**
        -:  784:       *  Returns a read-only (constant) reverse iterator that points
        -:  785:       *  to the last element in the %vector.  Iteration is done in
        -:  786:       *  reverse element order.
        -:  787:       */
        -:  788:      const_reverse_iterator
        -:  789:      crbegin() const noexcept
        -:  790:      { return const_reverse_iterator(end()); }
        -:  791:
        -:  792:      /**
        -:  793:       *  Returns a read-only (constant) reverse iterator that points
        -:  794:       *  to one before the first element in the %vector.  Iteration
        -:  795:       *  is done in reverse element order.
        -:  796:       */
        -:  797:      const_reverse_iterator
        -:  798:      crend() const noexcept
        -:  799:      { return const_reverse_iterator(begin()); }
        -:  800:#endif
        -:  801:
        -:  802:      // [23.2.4.2] capacity
        -:  803:      /**  Returns the number of elements in the %vector.  */
        -:  804:      size_type
   23794*:  805:      size() const _GLIBCXX_NOEXCEPT
   23794*:  806:      { return size_type(this->_M_impl._M_finish - this->_M_impl._M_start); }
------------------
_ZNKSt6vectorIiSaIiEE4sizeEv:
function _ZNKSt6vectorIiSaIiEE4sizeEv called 652 returned 100% blocks executed 100%
      652:  805:      size() const _GLIBCXX_NOEXCEPT
      652:  806:      { return size_type(this->_M_impl._M_finish - this->_M_impl._M_start); }
      652:  806-block  0
------------------
_ZNKSt6vectorIN7KVStore4nodeESaIS1_EE4sizeEv:
function _ZNKSt6vectorIN7KVStore4nodeESaIS1_EE4sizeEv called 9489 returned 100% blocks executed 100%
     9489:  805:      size() const _GLIBCXX_NOEXCEPT
     9489:  806:      { return size_type(this->_M_impl._M_finish - this->_M_impl._M_start); }
     9489:  806-block  0
------------------
_ZNKSt6vectorIS_IN7KVStore4nodeESaIS1_EESaIS3_EE4sizeEv:
function _ZNKSt6vectorIS_IN7KVStore4nodeESaIS1_EESaIS3_EE4sizeEv called 1602 returned 100% blocks executed 100%
     1602:  805:      size() const _GLIBCXX_NOEXCEPT
     1602:  806:      { return size_type(this->_M_impl._M_finish - this->_M_impl._M_start); }
     1602:  806-block  0
------------------
_ZNKSt6vectorIPN5Cache4NodeESaIS2_EE4sizeEv:
function _ZNKSt6vectorIPN5Cache4NodeESaIS2_EE4sizeEv called 0 returned 0% blocks executed 0%
    #####:  805:      size() const _GLIBCXX_NOEXCEPT
    #####:  806:      { return size_type(this->_M_impl._M_finish - this->_M_impl._M_start); }
    %%%%%:  806-block  0
------------------
_ZNKSt6vectorIN8memTable8dataNodeESaIS1_EE4sizeEv:
function _ZNKSt6vectorIN8memTable8dataNodeESaIS1_EE4sizeEv called 6209 returned 100% blocks executed 100%
     6209:  805:      size() const _GLIBCXX_NOEXCEPT
     6209:  806:      { return size_type(this->_M_impl._M_finish - this->_M_impl._M_start); }
     6209:  806-block  0
------------------
_ZNKSt6vectorINSt7__cxx1112basic_stringIcSt11char_traitsIcESaIcEEESaIS5_EE4sizeEv:
function _ZNKSt6vectorINSt7__cxx1112basic_stringIcSt11char_traitsIcESaIcEEESaIS5_EE4sizeEv called 5842 returned 100% blocks executed 100%
[...]
        -: 1610:      template<typename _Arg>
        -: 1611:	void
        -: 1612:	_M_insert_aux(iterator __position, _Arg&& __arg);
        -: 1613:
        -: 1614:      template<typename... _Args>
        -: 1615:	void
        -: 1616:	_M_realloc_insert(iterator __position, _Args&&... __args);
        -: 1617:
        -: 1618:      // Either move-construct at the end, or forward to _M_insert_aux.
        -: 1619:      iterator
        -: 1620:      _M_insert_rval(const_iterator __position, value_type&& __v);
        -: 1621:
        -: 1622:      // Try to emplace at the end, otherwise forward to _M_insert_aux.
        -: 1623:      template<typename... _Args>
        -: 1624:	iterator
        -: 1625:	_M_emplace_aux(const_iterator __position, _Args&&... __args);
        -: 1626:
        -: 1627:      // Emplacing an rvalue of the correct type can use _M_insert_rval.
        -: 1628:      iterator
        -: 1629:      _M_emplace_aux(const_iterator __position, value_type&& __v)
        -: 1630:      { return _M_insert_rval(__position, std::move(__v)); }
        -: 1631:#endif
        -: 1632:
        -: 1633:      // Called by _M_fill_insert, _M_insert_aux etc.
        -: 1634:      size_type
    5150*: 1635:      _M_check_len(size_type __n, const char* __s) const
        -: 1636:      {
    5150*: 1637:	if (max_size() - size() < __n)
    #####: 1638:	  __throw_length_error(__N(__s));
        -: 1639:
    5150*: 1640:	const size_type __len = size() + std::max(size(), __n);
    5150*: 1641:	return (__len < size() || __len > max_size()) ? max_size() : __len;
        -: 1642:      }
------------------
_ZNKSt6vectorIN8memTable8dataNodeESaIS1_EE12_M_check_lenEyPKc:
function _ZNKSt6vectorIN8memTable8dataNodeESaIS1_EE12_M_check_lenEyPKc called 1513 returned 100% blocks executed 87%
     1513: 1635:      _M_check_len(size_type __n, const char* __s) const
        -: 1636:      {
     1513: 1637:	if (max_size() - size() < __n)
     1513: 1637-block  0
call    0 returned 1513
call    1 returned 1513
branch  2 taken 0 (fallthrough)
branch  3 taken 1513
    #####: 1638:	  __throw_length_error(__N(__s));
    %%%%%: 1638-block  0
call    0 never executed
        -: 1639:
     1513: 1640:	const size_type __len = size() + std::max(size(), __n);
     1513: 1640-block  0
call    0 returned 1513
call    1 returned 1513
call    2 returned 1513
    1513*: 1641:	return (__len < size() || __len > max_size()) ? max_size() : __len;
call    0 returned 1513
branch  1 taken 1513 (fallthrough)
branch  2 taken 0
     1513: 1641-block  0
call    3 returned 1513
branch  4 taken 0 (fallthrough)
branch  5 taken 1513
    %%%%%: 1641-block  1
call    6 never executed
     1513: 1641-block  2
     1513: 1641-block  3
        -: 1642:      }
------------------
_ZNKSt6vectorIS_IN7KVStore4nodeESaIS1_EESaIS3_EE12_M_check_lenEyPKc:
function _ZNKSt6vectorIS_IN7KVStore4nodeESaIS1_EESaIS3_EE12_M_check_lenEyPKc called 229 returned 100% blocks executed 87%
      229: 1635:      _M_check_len(size_type __n, const char* __s) const
        -: 1636:      {
      229: 1637:	if (max_size() - size() < __n)
      229: 1637-block  0
call    0 returned 229
call    1 returned 229
branch  2 taken 0 (fallthrough)
branch  3 taken 229
    #####: 1638:	  __throw_length_error(__N(__s));
    %%%%%: 1638-block  0
call    0 never executed
        -: 1639:
      229: 1640:	const size_type __len = size() + std::max(size(), __n);
      229: 1640-block  0
call    0 returned 229
call    1 returned 229
call    2 returned 229
     229*: 1641:	return (__len < size() || __len > max_size()) ? max_size() : __len;
call    0 returned 229
branch  1 taken 229 (fallthrough)
branch  2 taken 0
      229: 1641-block  0
call    3 returned 229
branch  4 taken 0 (fallthrough)
branch  5 taken 229
    %%%%%: 1641-block  1
call    6 never executed
      229: 1641-block  2
      229: 1641-block  3
        -: 1642:      }
------------------
_ZNKSt6vectorIN7KVStore4nodeESaIS1_EE12_M_check_lenEyPKc:
function _ZNKSt6vectorIN7KVStore4nodeESaIS1_EE12_M_check_lenEyPKc called 2124 returned 100% blocks executed 87%
     2124: 1635:      _M_check_len(size_type __n, const char* __s) const
        -: 1636:      {
     2124: 1637:	if (max_size() - size() < __n)
     2124: 1637-block  0
call    0 returned 2124
call    1 returned 2124
branch  2 taken 0 (fallthrough)
branch  3 taken 2124
    #####: 1638:	  __throw_length_error(__N(__s));
    %%%%%: 1638-block  0
call    0 never executed
        -: 1639:
     2124: 1640:	const size_type __len = size() + std::max(size(), __n);
     2124: 1640-block  0
call    0 returned 2124
call    1 returned 2124
call    2 returned 2124
    2124*: 1641:	return (__len < size() || __len > max_size()) ? max_size() : __len;
call    0 returned 2124
branch  1 taken 2124 (fallthrough)
branch  2 taken 0
     2124: 1641-block  0
call    3 returned 2124
branch  4 taken 0 (fallthrough)
branch  5 taken 2124
    %%%%%: 1641-block  1
call    6 never executed
     2124: 1641-block  2
     2124: 1641-block  3
        -: 1642:      }
------------------
_ZNKSt6vectorIPN5Cache4NodeESaIS2_EE12_M_check_lenEyPKc:
function _ZNKSt6vectorIPN5Cache4NodeESaIS2_EE12_M_check_lenEyPKc called 0 returned 0% blocks executed 0%
    #####: 1635:      _M_check_len(size_type __n, const char* __s) const
        -: 1636:      {
    #####: 1637:	if (max_size() - size() < __n)
    %%%%%: 1637-block  0
call    0 never executed
call    1 never executed
branch  2 never executed
branch  3 never executed
    #####: 1638:	  __throw_length_error(__N(__s));
    %%%%%: 1638-block  0
call    0 never executed
        -: 1639:
    #####: 1640:	const size_type __len = size() + std::max(size(), __n);
    %%%%%: 1640-block  0
call    0 never executed
call    1 never executed
call    2 never executed
    #####: 1641:	return (__len < size() || __len > max_size()) ? max_size() : __len;
call    0 never executed
branch  1 never executed
branch  2 never executed
    %%%%%: 1641-block  0
call    3 never executed
branch  4 never executed
branch  5 never executed
    %%%%%: 1641-block  1
call    6 never executed
    %%%%%: 1641-block  2
    %%%%%: 1641-block  3
        -: 1642:      }
------------------
_ZNKSt6vectorINSt7__cxx1112basic_stringIcSt11char_traitsIcESaIcEEESaIS5_EE12_M_check_lenEyPKc:
function _ZNKSt6vectorINSt7__cxx1112basic_stringIcSt11char_traitsIcESaIcEEESaIS5_EE12_M_check_lenEyPKc called 1121 returned 100% blocks executed 87%
     1121: 1635:      _M_check_len(size_type __n, const char* __s) const
        -: 1636:      {
     1121: 1637:	if (max_size() - size() < __n)
     1121: 1637-block  0
call    0 returned 1121
call    1 returned 1121
branch  2 taken 0 (fallthrough)
branch  3 taken 1121
    #####: 1638:	  __throw_length_error(__N(__s));
    %%%%%: 1638-block  0
call    0 never executed
        -: 1639:
     1121: 1640:	const size_type __len = size() + std::max(size(), __n);
     1121: 1640-block  0
call    0 returned 1121
call    1 returned 1121
call    2 returned 1121
    1121*: 1641:	return (__len < size() || __len > max_size()) ? max_size() : __len;
call    0 returned 1121
branch  1 taken 1121 (fallthrough)
branch  2 taken 0
     1121: 1641-block  0
call    3 returned 1121
branch  4 taken 0 (fallthrough)
branch  5 taken 1121
    %%%%%: 1641-block  1
call    6 never executed
     1121: 1641-block  2
     1121: 1641-block  3
        -: 1642:      }
------------------
_ZNKSt6vectorIiSaIiEE12_M_check_lenEyPKc:
function _ZNKSt6vectorIiSaIiEE12_M_check_lenEyPKc called 163 returned 100% blocks executed 87%
      163: 1635:      _M_check_len(size_type __n, const char* __s) const
        -: 1636:      {
      163: 1637:	if (max_size() - size() < __n)
      163: 1637-block  0
call    0 returned 163
call    1 returned 163
branch  2 taken 0 (fallthrough)
branch  3 taken 163
    #####: 1638:	  __throw_length_error(__N(__s));
    %%%%%: 1638-block  0
call    0 never executed
        -: 1639:
      163: 1640:	const size_type __len = size() + std::max(size(), __n);
      163: 1640-block  0
call    0 returned 163
call    1 returned 163
call    2 returned 163
     163*: 1641:	return (__len < size() || __len > max_size()) ? max_size() : __len;
call    0 returned 163
branch  1 taken 163 (fallthrough)
branch  2 taken 0
      163: 1641-block  0
call    3 returned 163
branch  4 taken 0 (fallthrough)
branch  5 taken 163
    %%%%%: 1641-block  1
call    6 never executed
      163: 1641-block  2
      163: 1641-block  3
        -: 1642:      }
------------------
        -: 1643:
        -: 1644:      // Internal erase functions follow.
        -: 1645:
        -: 1646:      // Called by erase(q1,q2), clear(), resize(), _M_fill_assign,
        -: 1647:      // _M_assign_aux.
        -: 1648:      void
     157*: 1649:      _M_erase_at_end(pointer __pos) _GLIBCXX_NOEXCEPT
        -: 1650:      {
     157*: 1651:	if (size_type __n = this->_M_impl._M_finish - __pos)
        -: 1652:	  {
     157*: 1653:	    std::_Destroy(__pos, this->_M_impl._M_finish,
     157*: 1654:			  _M_get_Tp_allocator());
     157*: 1655:	    this->_M_impl._M_finish = __pos;
        -: 1656:	    _GLIBCXX_ASAN_ANNOTATE_SHRINK(__n);
        -: 1657:	  }
     157*: 1658:      }
------------------
_ZNSt6vectorIN7KVStore4nodeESaIS1_EE15_M_erase_at_endEPS1_:
function _ZNSt6vectorIN7KVStore4nodeESaIS1_EE15_M_erase_at_endEPS1_ called 0 returned 0% blocks executed 0%
    #####: 1649:      _M_erase_at_end(pointer __pos) _GLIBCXX_NOEXCEPT
        -: 1650:      {
    #####: 1651:	if (size_type __n = this->_M_impl._M_finish - __pos)
    %%%%%: 1651-block  0
branch  0 never executed
branch  1 never executed
        -: 1652:	  {
    #####: 1653:	    std::_Destroy(__pos, this->_M_impl._M_finish,
call    0 never executed
    #####: 1654:			  _M_get_Tp_allocator());
    %%%%%: 1654-block  0
call    0 never executed
    #####: 1655:	    this->_M_impl._M_finish = __pos;
        -: 1656:	    _GLIBCXX_ASAN_ANNOTATE_SHRINK(__n);
        -: 1657:	  }
    #####: 1658:      }
------------------
_ZNSt6vectorIS_IN7KVStore4nodeESaIS1_EESaIS3_EE15_M_erase_at_endEPS3_:
function _ZNSt6vectorIS_IN7KVStore4nodeESaIS1_EESaIS3_EE15_M_erase_at_endEPS3_ called 0 returned 0% blocks executed 0%
    #####: 1649:      _M_erase_at_end(pointer __pos) _GLIBCXX_NOEXCEPT
        -: 1650:      {
    #####: 1651:	if (size_type __n = this->_M_impl._M_finish - __pos)
    %%%%%: 1651-block  0
branch  0 never executed
branch  1 never executed
        -: 1652:	  {
    #####: 1653:	    std::_Destroy(__pos, this->_M_impl._M_finish,
call    0 never executed
    #####: 1654:			  _M_get_Tp_allocator());
    %%%%%: 1654-block  0
call    0 never executed
    #####: 1655:	    this->_M_impl._M_finish = __pos;
        -: 1656:	    _GLIBCXX_ASAN_ANNOTATE_SHRINK(__n);
        -: 1657:	  }
    #####: 1658:      }
------------------
_ZNSt6vectorIN8memTable8dataNodeESaIS1_EE15_M_erase_at_endEPS1_:
function _ZNSt6vectorIN8memTable8dataNodeESaIS1_EE15_M_erase_at_endEPS1_ called 157 returned 100% blocks executed 100%
      157: 1649:      _M_erase_at_end(pointer __pos) _GLIBCXX_NOEXCEPT
        -: 1650:      {
      157: 1651:	if (size_type __n = this->_M_impl._M_finish - __pos)
      157: 1651-block  0
branch  0 taken 157 (fallthrough)
branch  1 taken 0
        -: 1652:	  {
      157: 1653:	    std::_Destroy(__pos, this->_M_impl._M_finish,
call    0 returned 157
      157: 1654:			  _M_get_Tp_allocator());
      157: 1654-block  0
call    0 returned 157
      157: 1655:	    this->_M_impl._M_finish = __pos;
        -: 1656:	    _GLIBCXX_ASAN_ANNOTATE_SHRINK(__n);
        -: 1657:	  }
      157: 1658:      }
------------------
_ZNSt6vectorINSt7__cxx1112basic_stringIcSt11char_traitsIcESaIcEEESaIS5_EE15_M_erase_at_endEPS5_:
function _ZNSt6vectorINSt7__cxx1112basic_stringIcSt11char_traitsIcESaIcEEESaIS5_EE15_M_erase_at_endEPS5_ called 0 returned 0% blocks executed 0%
    #####: 1649:      _M_erase_at_end(pointer __pos) _GLIBCXX_NOEXCEPT
        -: 1650:      {
    #####: 1651:	if (size_type __n = this->_M_impl._M_finish - __pos)
    %%%%%: 1651-block  0
branch  0 never executed
branch  1 never executed
        -: 1652:	  {
    #####: 1653:	    std::_Destroy(__pos, this->_M_impl._M_finish,
call    0 never executed
    #####: 1654:			  _M_get_Tp_allocator());
    %%%%%: 1654-block  0
call    0 never executed
    #####: 1655:	    this->_M_impl._M_finish = __pos;
        -: 1656:	    _GLIBCXX_ASAN_ANNOTATE_SHRINK(__n);
        -: 1657:	  }
    #####: 1658:      }
------------------
        -: 1659:
        -: 1660:      iterator
        -: 1661:      _M_erase(iterator __position);
        -: 1662:
        -: 1663:      iterator
        -: 1664:      _M_erase(iterator __first, iterator __last);
        -: 1665:
        -: 1666:#if __cplusplus >= 201103L
        -: 1667:    private:
        -: 1668:      // Constant-time move assignment when source object's memory can be
        -: 1669:      // moved, either because the source's allocator will move too
        -: 1670:      // or because the allocators are equal.
        -: 1671:      void
function _ZNSt6vectorIPN5Cache4NodeESaIS2_EE14_M_move_assignEOS4_St17integral_constantIbLb1EE called 40 returned 100% blocks executed 100%
       40: 1672:      _M_move_assign(vector&& __x, std::true_type) noexcept
        -: 1673:      {
       80: 1674:	vector __tmp(get_allocator());
       40: 1674-block  0
call    0 returned 40
call    1 returned 40
call    2 returned 40
       40: 1675:	this->_M_impl._M_swap_data(__tmp._M_impl);
call    0 returned 40
       40: 1676:	this->_M_impl._M_swap_data(__x._M_impl);
call    0 returned 40
       40: 1677:	std::__alloc_on_move(_M_get_Tp_allocator(), __x._M_get_Tp_allocator());
call    0 returned 40
call    1 returned 40
call    2 returned 40
       40: 1678:      }
        -: 1679:
        -: 1680:      // Do move assignment when it might not be possible to move source
        -: 1681:      // object's memory, resulting in a linear-time operation.
        -: 1682:      void
        -: 1683:      _M_move_assign(vector&& __x, std::false_type)
        -: 1684:      {
        -: 1685:	if (__x._M_get_Tp_allocator() == this->_M_get_Tp_allocator())
        -: 1686:	  _M_move_assign(std::move(__x), std::true_type());
        -: 1687:	else
        -: 1688:	  {
        -: 1689:	    // The rvalue's allocator cannot be moved and is not equal,
        -: 1690:	    // so we need to individually move each element.
        -: 1691:	    this->assign(std::__make_move_if_noexcept_iterator(__x.begin()),
        -: 1692:			 std::__make_move_if_noexcept_iterator(__x.end()));
        -: 1693:	    __x.clear();
        -: 1694:	  }
        -: 1695:      }
        -: 1696:#endif
        -: 1697:
        -: 1698:      template<typename _Up>
        -: 1699:	_Up*
        -: 1700:	_M_data_ptr(_Up* __ptr) const _GLIBCXX_NOEXCEPT
        -: 1701:	{ return __ptr; }
        -: 1702:
        -: 1703:#if __cplusplus >= 201103L
        -: 1704:      template<typename _Ptr>
        -: 1705:	typename std::pointer_traits<_Ptr>::element_type*
        -: 1706:	_M_data_ptr(_Ptr __ptr) const
        -: 1707:	{ return empty() ? nullptr : std::__to_address(__ptr); }
        -: 1708:#else
        -: 1709:      template<typename _Up>
        -: 1710:	_Up*
        -: 1711:	_M_data_ptr(_Up* __ptr) _GLIBCXX_NOEXCEPT
        -: 1712:	{ return __ptr; }
        -: 1713:
        -: 1714:      template<typename _Ptr>
        -: 1715:	value_type*
        -: 1716:	_M_data_ptr(_Ptr __ptr)
        -: 1717:	{ return empty() ? (value_type*)0 : __ptr.operator->(); }
        -: 1718:
        -: 1719:      template<typename _Ptr>
        -: 1720:	const value_type*
        -: 1721:	_M_data_ptr(_Ptr __ptr) const
        -: 1722:	{ return empty() ? (const value_type*)0 : __ptr.operator->(); }
        -: 1723:#endif
        -: 1724:    };
        -: 1725:
        -: 1726:#if __cpp_deduction_guides >= 201606
        -: 1727:  template<typename _InputIterator, typename _ValT
        -: 1728:	     = typename iterator_traits<_InputIterator>::value_type,
        -: 1729:	   typename _Allocator = allocator<_ValT>,
        -: 1730:	   typename = _RequireInputIter<_InputIterator>,
        -: 1731:	   typename = _RequireAllocator<_Allocator>>
        -: 1732:    vector(_InputIterator, _InputIterator, _Allocator = _Allocator())
        -: 1733:      -> vector<_ValT, _Allocator>;
        -: 1734:#endif
        -: 1735:
        -: 1736:  /**
        -: 1737:   *  @brief  Vector equality comparison.
        -: 1738:   *  @param  __x  A %vector.
        -: 1739:   *  @param  __y  A %vector of the same type as @a __x.
        -: 1740:   *  @return  True iff the size and elements of the vectors are equal.
        -: 1741:   *
        -: 1742:   *  This is an equivalence relation.  It is linear in the size of the
        -: 1743:   *  vectors.  Vectors are considered equivalent if their sizes are equal,
        -: 1744:   *  and if corresponding elements compare equal.
        -: 1745:  */
        -: 1746:  template<typename _Tp, typename _Alloc>
        -: 1747:    inline bool
        -: 1748:    operator==(const vector<_Tp, _Alloc>& __x, const vector<_Tp, _Alloc>& __y)
        -: 1749:    { return (__x.size() == __y.size()
        -: 1750:	      && std::equal(__x.begin(), __x.end(), __y.begin())); }
        -: 1751:
        -: 1752:  /**
        -: 1753:   *  @brief  Vector ordering relation.
        -: 1754:   *  @param  __x  A %vector.
        -: 1755:   *  @param  __y  A %vector of the same type as @a __x.
        -: 1756:   *  @return  True iff @a __x is lexicographically less than @a __y.
        -: 1757:   *
        -: 1758:   *  This is a total ordering relation.  It is linear in the size of the
        -: 1759:   *  vectors.  The elements must be comparable with @c <.
        -: 1760:   *
        -: 1761:   *  See std::lexicographical_compare() for how the determination is made.
        -: 1762:  */
        -: 1763:  template<typename _Tp, typename _Alloc>
        -: 1764:    inline bool
        -: 1765:    operator<(const vector<_Tp, _Alloc>& __x, const vector<_Tp, _Alloc>& __y)
        -: 1766:    { return std::lexicographical_compare(__x.begin(), __x.end(),
        -: 1767:					  __y.begin(), __y.end()); }
        -: 1768:
        -: 1769:  /// Based on operator==
        -: 1770:  template<typename _Tp, typename _Alloc>
        -: 1771:    inline bool
        -: 1772:    operator!=(const vector<_Tp, _Alloc>& __x, const vector<_Tp, _Alloc>& __y)
        -: 1773:    { return !(__x == __y); }
        -: 1774:
        -: 1775:  /// Based on operator<
        -: 1776:  template<typename _Tp, typename _Alloc>
        -: 1777:    inline bool
        -: 1778:    operator>(const vector<_Tp, _Alloc>& __x, const vector<_Tp, _Alloc>& __y)
        -: 1779:    { return __y < __x; }
        -: 1780:
        -: 1781:  /// Based on operator<
        -: 1782:  template<typename _Tp, typename _Alloc>
        -: 1783:    inline bool
        -: 1784:    operator<=(const vector<_Tp, _Alloc>& __x, const vector<_Tp, _Alloc>& __y)
        -: 1785:    { return !(__y < __x); }
        -: 1786:
        -: 1787:  /// Based on operator<
        -: 1788:  template<typename _Tp, typename _Alloc>
        -: 1789:    inline bool
        -: 1790:    operator>=(const vector<_Tp, _Alloc>& __x, const vector<_Tp, _Alloc>& __y)
        -: 1791:    { return !(__x < __y); }
        -: 1792:
        -: 1793:  /// See std::vector::swap().
        -: 1794:  template<typename _Tp, typename _Alloc>
        -: 1795:    inline void
        -: 1796:    swap(vector<_Tp, _Alloc>& __x, vector<_Tp, _Alloc>& __y)
        -: 1797:    _GLIBCXX_NOEXCEPT_IF(noexcept(__x.swap(__y)))
        -: 1798:    { __x.swap(__y); }
        -: 1799:
        -: 1800:_GLIBCXX_END_NAMESPACE_CONTAINER
        -: 1801:_GLIBCXX_END_NAMESPACE_VERSION
        -: 1802:} // namespace std
        -: 1803:
        -: 1804:#endif /* _STL_VECTOR_H */
