        -:    0:Source:D:/PROGRAM_CPP/LSM-2/memtable.h
        -:    0:Graph:D:\PROGRAM_CPP\LSM-2\cmake-build-debug-coverage\CMakeFiles\LSM_2persistence.cc.dir\kvstore.cc.gcno
        -:    0:Data:D:\PROGRAM_CPP\LSM-2\cmake-build-debug-coverage\CMakeFiles\LSM_2persistence.cc.dir\kvstore.cc.gcda
        -:    0:Runs:1
        -:    0:Programs:1
        -:    1:#ifndef MEMTABLE_H
        -:    2:#define MEMTABLE_H
        -:    3:#include <cstdint>
        -:    4:#include <string>
        -:    5:#include <iostream>
        -:    6:#include <vector>
        -:    7:
        -:    8:class memTable
        -:    9:{
        -:   10:private:
        -:   11:    struct Node{
        -:   12:        uint64_t key;
        -:   13:        std::string value;
        -:   14:        Node *right, *down, *up;
        -:   15:        Node(Node* R, Node *D, Node *U, uint64_t k, std::string v){
        -:   16:            right = R;
        -:   17:            down = D;
        -:   18:            up = U;
        -:   19:            key = k;
        -:   20:            value = v;
        -:   21:        }
        -:   22:        Node(): key(-1), right(nullptr), down(nullptr), up(nullptr), value("") {}
        -:   23:        ~Node(){}
        -:   24:    };
        -:   25:    Node *head, *tail, *tophead;
        -:   26:
        -:   27:    int size = 0;
        -:   28:    int byteSize = 0;
        -:   29:
        -:   30:public:
        -:   31:    memTable();
        -:   32:    ~memTable();
        -:   33:    void put(uint64_t key, const std::string &s);
        -:   34:    Node* search(uint64_t key);
        -:   35:    std::string get(uint64_t key, bool &isDelete);
        -:   36:    bool del(uint64_t key, bool &isDeleted);
        -:   37:    void reset();
        -:   38:    bool empty(){
        -:   39:        if(size == 0){
        -:   40:            return true;
        -:   41:        }
        -:   42:        else return false;
        -:   43:    }
function _ZN8memTable11getByteSizeEv called 13214 returned 100% blocks executed 100%
    13214:   44:    int getByteSize(){
    13214:   45:        return byteSize;
    13214:   45-block  0
        -:   46:    }
        -:   47:
        -:   48:    struct dataNode{
        -:   49:        uint64_t key;
        -:   50:        std::string val;
function _ZN8memTable8dataNodeC1Ev called 55837 returned 100% blocks executed 100%
    55837:   51:        dataNode(){}
    55837:   51-block  0
call    0 returned 55837
        -:   52:    };
        -:   53:
        -:   54:    std::vector<dataNode> writeBack();
        -:   55:};
        -:   56:
        -:   57:#endif // MEMTABLE_H
